26-Mar-2024 19:05:03.463 SEVERE [main] org.apache.catalina.startup.Catalina.stopServer Could not contact [localhost:8005] (base port [8005] and offset [0]). Tomcat may not be running.
26-Mar-2024 19:05:03.467 SEVERE [main] org.apache.catalina.startup.Catalina.stopServer Error stopping Catalina
	java.net.ConnectException: Connection refused: connect
		at java.base/sun.nio.ch.Net.connect0(Native Method)
		at java.base/sun.nio.ch.Net.connect(Net.java:579)
		at java.base/sun.nio.ch.Net.connect(Net.java:568)
		at java.base/sun.nio.ch.NioSocketImpl.connect(NioSocketImpl.java:593)
		at java.base/java.net.SocksSocketImpl.connect(SocksSocketImpl.java:327)
		at java.base/java.net.Socket.connect(Socket.java:633)
		at java.base/java.net.Socket.connect(Socket.java:583)
		at java.base/java.net.Socket.<init>(Socket.java:507)
		at java.base/java.net.Socket.<init>(Socket.java:287)
		at org.apache.catalina.startup.Catalina.stopServer(Catalina.java:653)
		at java.base/jdk.internal.reflect.NativeMethodAccessorImpl.invoke0(Native Method)
		at java.base/jdk.internal.reflect.NativeMethodAccessorImpl.invoke(NativeMethodAccessorImpl.java:77)
		at java.base/jdk.internal.reflect.DelegatingMethodAccessorImpl.invoke(DelegatingMethodAccessorImpl.java:43)
		at java.base/java.lang.reflect.Method.invoke(Method.java:568)
		at org.apache.catalina.startup.Bootstrap.stopServer(Bootstrap.java:393)
		at org.apache.catalina.startup.Bootstrap.main(Bootstrap.java:481)
26-Mar-2024 19:05:08.175 SEVERE [main] org.apache.catalina.startup.Catalina.stopServer Could not contact [localhost:8005] (base port [8005] and offset [0]). Tomcat may not be running.
26-Mar-2024 19:05:08.181 SEVERE [main] org.apache.catalina.startup.Catalina.stopServer Error stopping Catalina
	java.net.ConnectException: Connection refused: connect
		at java.base/sun.nio.ch.Net.connect0(Native Method)
		at java.base/sun.nio.ch.Net.connect(Net.java:579)
		at java.base/sun.nio.ch.Net.connect(Net.java:568)
		at java.base/sun.nio.ch.NioSocketImpl.connect(NioSocketImpl.java:593)
		at java.base/java.net.SocksSocketImpl.connect(SocksSocketImpl.java:327)
		at java.base/java.net.Socket.connect(Socket.java:633)
		at java.base/java.net.Socket.connect(Socket.java:583)
		at java.base/java.net.Socket.<init>(Socket.java:507)
		at java.base/java.net.Socket.<init>(Socket.java:287)
		at org.apache.catalina.startup.Catalina.stopServer(Catalina.java:653)
		at java.base/jdk.internal.reflect.NativeMethodAccessorImpl.invoke0(Native Method)
		at java.base/jdk.internal.reflect.NativeMethodAccessorImpl.invoke(NativeMethodAccessorImpl.java:77)
		at java.base/jdk.internal.reflect.DelegatingMethodAccessorImpl.invoke(DelegatingMethodAccessorImpl.java:43)
		at java.base/java.lang.reflect.Method.invoke(Method.java:568)
		at org.apache.catalina.startup.Bootstrap.stopServer(Bootstrap.java:393)
		at org.apache.catalina.startup.Bootstrap.main(Bootstrap.java:481)
26-Mar-2024 19:05:14.040 INFO [main] org.apache.catalina.startup.VersionLoggerListener.log Server version name:   Apache Tomcat/10.1.19
26-Mar-2024 19:05:14.046 INFO [main] org.apache.catalina.startup.VersionLoggerListener.log Server built:          Feb 14 2024 19:36:50 UTC
26-Mar-2024 19:05:14.047 INFO [main] org.apache.catalina.startup.VersionLoggerListener.log Server version number: 10.1.19.0
26-Mar-2024 19:05:14.047 INFO [main] org.apache.catalina.startup.VersionLoggerListener.log OS Name:               Windows 11
26-Mar-2024 19:05:14.047 INFO [main] org.apache.catalina.startup.VersionLoggerListener.log OS Version:            10.0
26-Mar-2024 19:05:14.047 INFO [main] org.apache.catalina.startup.VersionLoggerListener.log Architecture:          amd64
26-Mar-2024 19:05:14.047 INFO [main] org.apache.catalina.startup.VersionLoggerListener.log Java Home:             C:\Program Files\Java\jdk-17
26-Mar-2024 19:05:14.048 INFO [main] org.apache.catalina.startup.VersionLoggerListener.log JVM Version:           17.0.10+11-LTS-240
26-Mar-2024 19:05:14.048 INFO [main] org.apache.catalina.startup.VersionLoggerListener.log JVM Vendor:            Oracle Corporation
26-Mar-2024 19:05:14.048 INFO [main] org.apache.catalina.startup.VersionLoggerListener.log CATALINA_BASE:         C:\Users\hongr\OneDrive\桌面\Programming Language\Java\JavaWeb\apache-tomcat-10.1.19
26-Mar-2024 19:05:14.048 INFO [main] org.apache.catalina.startup.VersionLoggerListener.log CATALINA_HOME:         C:\Users\hongr\OneDrive\桌面\Programming Language\Java\JavaWeb\apache-tomcat-10.1.19
26-Mar-2024 19:05:14.072 INFO [main] org.apache.catalina.startup.VersionLoggerListener.log Command line argument: -Djava.util.logging.config.file=C:\Users\hongr\OneDrive\桌面\Programming Language\Java\JavaWeb\apache-tomcat-10.1.19\conf\logging.properties
26-Mar-2024 19:05:14.073 INFO [main] org.apache.catalina.startup.VersionLoggerListener.log Command line argument: -Djava.util.logging.manager=org.apache.juli.ClassLoaderLogManager
26-Mar-2024 19:05:14.073 INFO [main] org.apache.catalina.startup.VersionLoggerListener.log Command line argument: -Djdk.tls.ephemeralDHKeySize=2048
26-Mar-2024 19:05:14.073 INFO [main] org.apache.catalina.startup.VersionLoggerListener.log Command line argument: -Djava.protocol.handler.pkgs=org.apache.catalina.webresources
26-Mar-2024 19:05:14.074 INFO [main] org.apache.catalina.startup.VersionLoggerListener.log Command line argument: --add-opens=java.base/java.lang=ALL-UNNAMED
26-Mar-2024 19:05:14.074 INFO [main] org.apache.catalina.startup.VersionLoggerListener.log Command line argument: --add-opens=java.base/java.io=ALL-UNNAMED
26-Mar-2024 19:05:14.074 INFO [main] org.apache.catalina.startup.VersionLoggerListener.log Command line argument: --add-opens=java.base/java.util=ALL-UNNAMED
26-Mar-2024 19:05:14.075 INFO [main] org.apache.catalina.startup.VersionLoggerListener.log Command line argument: --add-opens=java.base/java.util.concurrent=ALL-UNNAMED
26-Mar-2024 19:05:14.075 INFO [main] org.apache.catalina.startup.VersionLoggerListener.log Command line argument: --add-opens=java.rmi/sun.rmi.transport=ALL-UNNAMED
26-Mar-2024 19:05:14.075 INFO [main] org.apache.catalina.startup.VersionLoggerListener.log Command line argument: -Dcatalina.base=C:\Users\hongr\OneDrive\桌面\Programming Language\Java\JavaWeb\apache-tomcat-10.1.19
26-Mar-2024 19:05:14.075 INFO [main] org.apache.catalina.startup.VersionLoggerListener.log Command line argument: -Dcatalina.home=C:\Users\hongr\OneDrive\桌面\Programming Language\Java\JavaWeb\apache-tomcat-10.1.19
26-Mar-2024 19:05:14.075 INFO [main] org.apache.catalina.startup.VersionLoggerListener.log Command line argument: -Djava.io.tmpdir=C:\Users\hongr\OneDrive\桌面\Programming Language\Java\JavaWeb\apache-tomcat-10.1.19\temp
26-Mar-2024 19:05:14.083 INFO [main] org.apache.catalina.core.AprLifecycleListener.lifecycleEvent Loaded Apache Tomcat Native library [2.0.7] using APR version [1.7.4].
26-Mar-2024 19:05:14.095 INFO [main] org.apache.catalina.core.AprLifecycleListener.initializeSSL OpenSSL successfully initialized [OpenSSL 3.0.13 30 Jan 2024]
26-Mar-2024 19:05:14.370 INFO [main] org.apache.coyote.AbstractProtocol.init Initializing ProtocolHandler ["http-nio-8080"]
26-Mar-2024 19:05:14.399 INFO [main] org.apache.catalina.startup.Catalina.load Server initialization in [548] milliseconds
26-Mar-2024 19:05:14.449 INFO [main] org.apache.catalina.core.StandardService.startInternal Starting service [Catalina]
26-Mar-2024 19:05:14.450 INFO [main] org.apache.catalina.core.StandardEngine.startInternal Starting Servlet engine: [Apache Tomcat/10.1.19]
26-Mar-2024 19:05:14.459 INFO [main] org.apache.catalina.startup.HostConfig.deployDirectory Deploying web application directory [C:\Users\hongr\OneDrive\桌面\Programming Language\Java\JavaWeb\apache-tomcat-10.1.19\webapps\demo]
26-Mar-2024 19:05:14.857 INFO [main] org.apache.catalina.startup.HostConfig.deployDirectory Deployment of web application directory [C:\Users\hongr\OneDrive\桌面\Programming Language\Java\JavaWeb\apache-tomcat-10.1.19\webapps\demo] has finished in [397] ms
26-Mar-2024 19:05:14.857 INFO [main] org.apache.catalina.startup.HostConfig.deployDirectory Deploying web application directory [C:\Users\hongr\OneDrive\桌面\Programming Language\Java\JavaWeb\apache-tomcat-10.1.19\webapps\docs]
26-Mar-2024 19:05:14.909 INFO [main] org.apache.catalina.startup.HostConfig.deployDirectory Deployment of web application directory [C:\Users\hongr\OneDrive\桌面\Programming Language\Java\JavaWeb\apache-tomcat-10.1.19\webapps\docs] has finished in [51] ms
26-Mar-2024 19:05:14.909 INFO [main] org.apache.catalina.startup.HostConfig.deployDirectory Deploying web application directory [C:\Users\hongr\OneDrive\桌面\Programming Language\Java\JavaWeb\apache-tomcat-10.1.19\webapps\examples]
26-Mar-2024 19:05:15.894 INFO [main] org.apache.catalina.startup.HostConfig.deployDirectory Deployment of web application directory [C:\Users\hongr\OneDrive\桌面\Programming Language\Java\JavaWeb\apache-tomcat-10.1.19\webapps\examples] has finished in [985] ms
26-Mar-2024 19:05:15.895 INFO [main] org.apache.catalina.startup.HostConfig.deployDirectory Deploying web application directory [C:\Users\hongr\OneDrive\桌面\Programming Language\Java\JavaWeb\apache-tomcat-10.1.19\webapps\host-manager]
26-Mar-2024 19:05:15.962 INFO [main] org.apache.catalina.startup.HostConfig.deployDirectory Deployment of web application directory [C:\Users\hongr\OneDrive\桌面\Programming Language\Java\JavaWeb\apache-tomcat-10.1.19\webapps\host-manager] has finished in [67] ms
26-Mar-2024 19:05:15.964 INFO [main] org.apache.catalina.startup.HostConfig.deployDirectory Deploying web application directory [C:\Users\hongr\OneDrive\桌面\Programming Language\Java\JavaWeb\apache-tomcat-10.1.19\webapps\manager]
26-Mar-2024 19:05:16.021 INFO [main] org.apache.catalina.startup.HostConfig.deployDirectory Deployment of web application directory [C:\Users\hongr\OneDrive\桌面\Programming Language\Java\JavaWeb\apache-tomcat-10.1.19\webapps\manager] has finished in [57] ms
26-Mar-2024 19:05:16.022 INFO [main] org.apache.catalina.startup.HostConfig.deployDirectory Deploying web application directory [C:\Users\hongr\OneDrive\桌面\Programming Language\Java\JavaWeb\apache-tomcat-10.1.19\webapps\ROOT]
26-Mar-2024 19:05:16.053 INFO [main] org.apache.catalina.startup.HostConfig.deployDirectory Deployment of web application directory [C:\Users\hongr\OneDrive\桌面\Programming Language\Java\JavaWeb\apache-tomcat-10.1.19\webapps\ROOT] has finished in [30] ms
26-Mar-2024 19:05:16.061 INFO [main] org.apache.coyote.AbstractProtocol.start Starting ProtocolHandler ["http-nio-8080"]
26-Mar-2024 19:05:16.138 INFO [main] org.apache.catalina.startup.Catalina.start Server startup in [1738] milliseconds
26-Mar-2024 19:08:00.162 INFO [Thread-1] org.apache.coyote.AbstractProtocol.pause Pausing ProtocolHandler ["http-nio-8080"]
26-Mar-2024 19:08:00.174 INFO [Thread-1] org.apache.catalina.core.StandardService.stopInternal Stopping service [Catalina]
26-Mar-2024 19:08:00.199 INFO [Thread-1] org.apache.coyote.AbstractProtocol.stop Stopping ProtocolHandler ["http-nio-8080"]
26-Mar-2024 19:08:00.206 INFO [Thread-1] org.apache.coyote.AbstractProtocol.destroy Destroying ProtocolHandler ["http-nio-8080"]
26-Mar-2024 19:08:17.553 INFO [main] org.apache.catalina.startup.VersionLoggerListener.log Server version name:   Apache Tomcat/10.1.19
26-Mar-2024 19:08:17.560 INFO [main] org.apache.catalina.startup.VersionLoggerListener.log Server built:          Feb 14 2024 19:36:50 UTC
26-Mar-2024 19:08:17.560 INFO [main] org.apache.catalina.startup.VersionLoggerListener.log Server version number: 10.1.19.0
26-Mar-2024 19:08:17.560 INFO [main] org.apache.catalina.startup.VersionLoggerListener.log OS Name:               Windows 11
26-Mar-2024 19:08:17.562 INFO [main] org.apache.catalina.startup.VersionLoggerListener.log OS Version:            10.0
26-Mar-2024 19:08:17.562 INFO [main] org.apache.catalina.startup.VersionLoggerListener.log Architecture:          amd64
26-Mar-2024 19:08:17.562 INFO [main] org.apache.catalina.startup.VersionLoggerListener.log Java Home:             C:\Program Files\Java\jdk-17
26-Mar-2024 19:08:17.562 INFO [main] org.apache.catalina.startup.VersionLoggerListener.log JVM Version:           17.0.10+11-LTS-240
26-Mar-2024 19:08:17.563 INFO [main] org.apache.catalina.startup.VersionLoggerListener.log JVM Vendor:            Oracle Corporation
26-Mar-2024 19:08:17.563 INFO [main] org.apache.catalina.startup.VersionLoggerListener.log CATALINA_BASE:         C:\Users\hongr\OneDrive\桌面\Programming Language\Java\JavaWeb\apache-tomcat-10.1.19
26-Mar-2024 19:08:17.563 INFO [main] org.apache.catalina.startup.VersionLoggerListener.log CATALINA_HOME:         C:\Users\hongr\OneDrive\桌面\Programming Language\Java\JavaWeb\apache-tomcat-10.1.19
26-Mar-2024 19:08:17.584 INFO [main] org.apache.catalina.startup.VersionLoggerListener.log Command line argument: -Djava.util.logging.config.file=C:\Users\hongr\OneDrive\桌面\Programming Language\Java\JavaWeb\apache-tomcat-10.1.19\conf\logging.properties
26-Mar-2024 19:08:17.589 INFO [main] org.apache.catalina.startup.VersionLoggerListener.log Command line argument: -Djava.util.logging.manager=org.apache.juli.ClassLoaderLogManager
26-Mar-2024 19:08:17.590 INFO [main] org.apache.catalina.startup.VersionLoggerListener.log Command line argument: -Djdk.tls.ephemeralDHKeySize=2048
26-Mar-2024 19:08:17.590 INFO [main] org.apache.catalina.startup.VersionLoggerListener.log Command line argument: -Djava.protocol.handler.pkgs=org.apache.catalina.webresources
26-Mar-2024 19:08:17.590 INFO [main] org.apache.catalina.startup.VersionLoggerListener.log Command line argument: --add-opens=java.base/java.lang=ALL-UNNAMED
26-Mar-2024 19:08:17.591 INFO [main] org.apache.catalina.startup.VersionLoggerListener.log Command line argument: --add-opens=java.base/java.io=ALL-UNNAMED
26-Mar-2024 19:08:17.591 INFO [main] org.apache.catalina.startup.VersionLoggerListener.log Command line argument: --add-opens=java.base/java.util=ALL-UNNAMED
26-Mar-2024 19:08:17.591 INFO [main] org.apache.catalina.startup.VersionLoggerListener.log Command line argument: --add-opens=java.base/java.util.concurrent=ALL-UNNAMED
26-Mar-2024 19:08:17.594 INFO [main] org.apache.catalina.startup.VersionLoggerListener.log Command line argument: --add-opens=java.rmi/sun.rmi.transport=ALL-UNNAMED
26-Mar-2024 19:08:17.599 INFO [main] org.apache.catalina.startup.VersionLoggerListener.log Command line argument: -Dcatalina.base=C:\Users\hongr\OneDrive\桌面\Programming Language\Java\JavaWeb\apache-tomcat-10.1.19
26-Mar-2024 19:08:17.599 INFO [main] org.apache.catalina.startup.VersionLoggerListener.log Command line argument: -Dcatalina.home=C:\Users\hongr\OneDrive\桌面\Programming Language\Java\JavaWeb\apache-tomcat-10.1.19
26-Mar-2024 19:08:17.600 INFO [main] org.apache.catalina.startup.VersionLoggerListener.log Command line argument: -Djava.io.tmpdir=C:\Users\hongr\OneDrive\桌面\Programming Language\Java\JavaWeb\apache-tomcat-10.1.19\temp
26-Mar-2024 19:08:17.613 INFO [main] org.apache.catalina.core.AprLifecycleListener.lifecycleEvent Loaded Apache Tomcat Native library [2.0.7] using APR version [1.7.4].
26-Mar-2024 19:08:17.626 INFO [main] org.apache.catalina.core.AprLifecycleListener.initializeSSL OpenSSL successfully initialized [OpenSSL 3.0.13 30 Jan 2024]
26-Mar-2024 19:08:17.916 INFO [main] org.apache.coyote.AbstractProtocol.init Initializing ProtocolHandler ["http-nio-8080"]
26-Mar-2024 19:08:17.944 INFO [main] org.apache.catalina.startup.Catalina.load Server initialization in [592] milliseconds
26-Mar-2024 19:08:17.992 INFO [main] org.apache.catalina.core.StandardService.startInternal Starting service [Catalina]
26-Mar-2024 19:08:17.992 INFO [main] org.apache.catalina.core.StandardEngine.startInternal Starting Servlet engine: [Apache Tomcat/10.1.19]
26-Mar-2024 19:08:18.004 INFO [main] org.apache.catalina.startup.HostConfig.deployDirectory Deploying web application directory [C:\Users\hongr\OneDrive\桌面\Programming Language\Java\JavaWeb\apache-tomcat-10.1.19\webapps\demo]
26-Mar-2024 19:08:18.470 INFO [main] org.apache.catalina.startup.HostConfig.deployDirectory Deployment of web application directory [C:\Users\hongr\OneDrive\桌面\Programming Language\Java\JavaWeb\apache-tomcat-10.1.19\webapps\demo] has finished in [464] ms
26-Mar-2024 19:08:18.471 INFO [main] org.apache.catalina.startup.HostConfig.deployDirectory Deploying web application directory [C:\Users\hongr\OneDrive\桌面\Programming Language\Java\JavaWeb\apache-tomcat-10.1.19\webapps\docs]
26-Mar-2024 19:08:18.536 INFO [main] org.apache.catalina.startup.HostConfig.deployDirectory Deployment of web application directory [C:\Users\hongr\OneDrive\桌面\Programming Language\Java\JavaWeb\apache-tomcat-10.1.19\webapps\docs] has finished in [65] ms
26-Mar-2024 19:08:18.537 INFO [main] org.apache.catalina.startup.HostConfig.deployDirectory Deploying web application directory [C:\Users\hongr\OneDrive\桌面\Programming Language\Java\JavaWeb\apache-tomcat-10.1.19\webapps\examples]
26-Mar-2024 19:08:19.157 INFO [main] org.apache.catalina.startup.HostConfig.deployDirectory Deployment of web application directory [C:\Users\hongr\OneDrive\桌面\Programming Language\Java\JavaWeb\apache-tomcat-10.1.19\webapps\examples] has finished in [619] ms
26-Mar-2024 19:08:19.157 INFO [main] org.apache.catalina.startup.HostConfig.deployDirectory Deploying web application directory [C:\Users\hongr\OneDrive\桌面\Programming Language\Java\JavaWeb\apache-tomcat-10.1.19\webapps\host-manager]
26-Mar-2024 19:08:19.226 INFO [main] org.apache.catalina.startup.HostConfig.deployDirectory Deployment of web application directory [C:\Users\hongr\OneDrive\桌面\Programming Language\Java\JavaWeb\apache-tomcat-10.1.19\webapps\host-manager] has finished in [69] ms
26-Mar-2024 19:08:19.226 INFO [main] org.apache.catalina.startup.HostConfig.deployDirectory Deploying web application directory [C:\Users\hongr\OneDrive\桌面\Programming Language\Java\JavaWeb\apache-tomcat-10.1.19\webapps\manager]
26-Mar-2024 19:08:19.287 INFO [main] org.apache.catalina.startup.HostConfig.deployDirectory Deployment of web application directory [C:\Users\hongr\OneDrive\桌面\Programming Language\Java\JavaWeb\apache-tomcat-10.1.19\webapps\manager] has finished in [61] ms
26-Mar-2024 19:08:19.288 INFO [main] org.apache.catalina.startup.HostConfig.deployDirectory Deploying web application directory [C:\Users\hongr\OneDrive\桌面\Programming Language\Java\JavaWeb\apache-tomcat-10.1.19\webapps\ROOT]
26-Mar-2024 19:08:19.324 INFO [main] org.apache.catalina.startup.HostConfig.deployDirectory Deployment of web application directory [C:\Users\hongr\OneDrive\桌面\Programming Language\Java\JavaWeb\apache-tomcat-10.1.19\webapps\ROOT] has finished in [37] ms
26-Mar-2024 19:08:19.331 INFO [main] org.apache.coyote.AbstractProtocol.start Starting ProtocolHandler ["http-nio-8080"]
26-Mar-2024 19:08:19.398 INFO [main] org.apache.catalina.startup.Catalina.start Server startup in [1453] milliseconds
