26-Feb-2024 21:25:05.440 INFO [main] org.apache.catalina.startup.VersionLoggerListener.log Server version name:   Apache Tomcat/10.1.19
26-Feb-2024 21:25:05.450 INFO [main] org.apache.catalina.startup.VersionLoggerListener.log Server built:          Feb 14 2024 19:36:50 UTC
26-Feb-2024 21:25:05.451 INFO [main] org.apache.catalina.startup.VersionLoggerListener.log Server version number: 10.1.19.0
26-Feb-2024 21:25:05.451 INFO [main] org.apache.catalina.startup.VersionLoggerListener.log OS Name:               Windows 11
26-Feb-2024 21:25:05.451 INFO [main] org.apache.catalina.startup.VersionLoggerListener.log OS Version:            10.0
26-Feb-2024 21:25:05.451 INFO [main] org.apache.catalina.startup.VersionLoggerListener.log Architecture:          amd64
26-Feb-2024 21:25:05.452 INFO [main] org.apache.catalina.startup.VersionLoggerListener.log Java Home:             C:\Program Files\Java\jdk-21
26-Feb-2024 21:25:05.452 INFO [main] org.apache.catalina.startup.VersionLoggerListener.log JVM Version:           21.0.1+12-LTS-29
26-Feb-2024 21:25:05.452 INFO [main] org.apache.catalina.startup.VersionLoggerListener.log JVM Vendor:            Oracle Corporation
26-Feb-2024 21:25:05.452 INFO [main] org.apache.catalina.startup.VersionLoggerListener.log CATALINA_BASE:         C:\Users\hongr\OneDrive\桌面\Programming Language\Java\JavaWeb\apache-tomcat-10.1.19
26-Feb-2024 21:25:05.453 INFO [main] org.apache.catalina.startup.VersionLoggerListener.log CATALINA_HOME:         C:\Users\hongr\OneDrive\桌面\Programming Language\Java\JavaWeb\apache-tomcat-10.1.19
26-Feb-2024 21:25:06.930 INFO [main] org.apache.catalina.startup.VersionLoggerListener.log Command line argument: -Djava.util.logging.config.file=C:\Users\hongr\OneDrive\桌面\Programming Language\Java\JavaWeb\apache-tomcat-10.1.19\conf\logging.properties
26-Feb-2024 21:25:06.930 INFO [main] org.apache.catalina.startup.VersionLoggerListener.log Command line argument: -Djava.util.logging.manager=org.apache.juli.ClassLoaderLogManager
26-Feb-2024 21:25:06.931 INFO [main] org.apache.catalina.startup.VersionLoggerListener.log Command line argument: -Djdk.tls.ephemeralDHKeySize=2048
26-Feb-2024 21:25:06.931 INFO [main] org.apache.catalina.startup.VersionLoggerListener.log Command line argument: -Djava.protocol.handler.pkgs=org.apache.catalina.webresources
26-Feb-2024 21:25:06.931 INFO [main] org.apache.catalina.startup.VersionLoggerListener.log Command line argument: --add-opens=java.base/java.lang=ALL-UNNAMED
26-Feb-2024 21:25:06.932 INFO [main] org.apache.catalina.startup.VersionLoggerListener.log Command line argument: --add-opens=java.base/java.io=ALL-UNNAMED
26-Feb-2024 21:25:06.932 INFO [main] org.apache.catalina.startup.VersionLoggerListener.log Command line argument: --add-opens=java.base/java.util=ALL-UNNAMED
26-Feb-2024 21:25:06.933 INFO [main] org.apache.catalina.startup.VersionLoggerListener.log Command line argument: --add-opens=java.base/java.util.concurrent=ALL-UNNAMED
26-Feb-2024 21:25:06.933 INFO [main] org.apache.catalina.startup.VersionLoggerListener.log Command line argument: --add-opens=java.rmi/sun.rmi.transport=ALL-UNNAMED
26-Feb-2024 21:25:06.933 INFO [main] org.apache.catalina.startup.VersionLoggerListener.log Command line argument: -Dcatalina.base=C:\Users\hongr\OneDrive\桌面\Programming Language\Java\JavaWeb\apache-tomcat-10.1.19
26-Feb-2024 21:25:06.933 INFO [main] org.apache.catalina.startup.VersionLoggerListener.log Command line argument: -Dcatalina.home=C:\Users\hongr\OneDrive\桌面\Programming Language\Java\JavaWeb\apache-tomcat-10.1.19
26-Feb-2024 21:25:06.933 INFO [main] org.apache.catalina.startup.VersionLoggerListener.log Command line argument: -Djava.io.tmpdir=C:\Users\hongr\OneDrive\桌面\Programming Language\Java\JavaWeb\apache-tomcat-10.1.19\temp
26-Feb-2024 21:25:07.012 INFO [main] org.apache.catalina.core.AprLifecycleListener.lifecycleEvent Loaded Apache Tomcat Native library [2.0.7] using APR version [1.7.4].
26-Feb-2024 21:25:07.022 INFO [main] org.apache.catalina.core.AprLifecycleListener.initializeSSL OpenSSL successfully initialized [OpenSSL 3.0.13 30 Jan 2024]
26-Feb-2024 21:25:07.408 INFO [main] org.apache.coyote.AbstractProtocol.init Initializing ProtocolHandler ["http-nio-8080"]
26-Feb-2024 21:25:08.134 INFO [main] org.apache.catalina.startup.Catalina.load Server initialization in [2969] milliseconds
26-Feb-2024 21:25:08.227 INFO [main] org.apache.catalina.core.StandardService.startInternal Starting service [Catalina]
26-Feb-2024 21:25:08.227 INFO [main] org.apache.catalina.core.StandardEngine.startInternal Starting Servlet engine: [Apache Tomcat/10.1.19]
26-Feb-2024 21:25:08.254 INFO [main] org.apache.catalina.startup.HostConfig.deployDirectory Deploying web application directory [C:\Users\hongr\OneDrive\桌面\Programming Language\Java\JavaWeb\apache-tomcat-10.1.19\webapps\docs]
26-Feb-2024 21:25:09.739 INFO [main] org.apache.catalina.startup.HostConfig.deployDirectory Deployment of web application directory [C:\Users\hongr\OneDrive\桌面\Programming Language\Java\JavaWeb\apache-tomcat-10.1.19\webapps\docs] has finished in [1,484] ms
26-Feb-2024 21:25:09.740 INFO [main] org.apache.catalina.startup.HostConfig.deployDirectory Deploying web application directory [C:\Users\hongr\OneDrive\桌面\Programming Language\Java\JavaWeb\apache-tomcat-10.1.19\webapps\examples]
26-Feb-2024 21:25:11.527 INFO [main] org.apache.catalina.startup.HostConfig.deployDirectory Deployment of web application directory [C:\Users\hongr\OneDrive\桌面\Programming Language\Java\JavaWeb\apache-tomcat-10.1.19\webapps\examples] has finished in [1,787] ms
26-Feb-2024 21:25:11.529 INFO [main] org.apache.catalina.startup.HostConfig.deployDirectory Deploying web application directory [C:\Users\hongr\OneDrive\桌面\Programming Language\Java\JavaWeb\apache-tomcat-10.1.19\webapps\host-manager]
26-Feb-2024 21:25:11.689 INFO [main] org.apache.catalina.startup.HostConfig.deployDirectory Deployment of web application directory [C:\Users\hongr\OneDrive\桌面\Programming Language\Java\JavaWeb\apache-tomcat-10.1.19\webapps\host-manager] has finished in [161] ms
26-Feb-2024 21:25:11.690 INFO [main] org.apache.catalina.startup.HostConfig.deployDirectory Deploying web application directory [C:\Users\hongr\OneDrive\桌面\Programming Language\Java\JavaWeb\apache-tomcat-10.1.19\webapps\manager]
26-Feb-2024 21:25:11.806 INFO [main] org.apache.catalina.startup.HostConfig.deployDirectory Deployment of web application directory [C:\Users\hongr\OneDrive\桌面\Programming Language\Java\JavaWeb\apache-tomcat-10.1.19\webapps\manager] has finished in [116] ms
26-Feb-2024 21:25:11.807 INFO [main] org.apache.catalina.startup.HostConfig.deployDirectory Deploying web application directory [C:\Users\hongr\OneDrive\桌面\Programming Language\Java\JavaWeb\apache-tomcat-10.1.19\webapps\ROOT]
26-Feb-2024 21:25:11.889 INFO [main] org.apache.catalina.startup.HostConfig.deployDirectory Deployment of web application directory [C:\Users\hongr\OneDrive\桌面\Programming Language\Java\JavaWeb\apache-tomcat-10.1.19\webapps\ROOT] has finished in [82] ms
26-Feb-2024 21:25:11.899 INFO [main] org.apache.coyote.AbstractProtocol.start Starting ProtocolHandler ["http-nio-8080"]
26-Feb-2024 21:25:12.044 INFO [main] org.apache.catalina.startup.Catalina.start Server startup in [3907] milliseconds
26-Feb-2024 21:26:30.127 INFO [main] org.apache.catalina.core.StandardServer.await A valid shutdown command was received via the shutdown port. Stopping the Server instance.
26-Feb-2024 21:26:30.127 INFO [main] org.apache.coyote.AbstractProtocol.pause Pausing ProtocolHandler ["http-nio-8080"]
26-Feb-2024 21:26:30.131 INFO [main] org.apache.catalina.core.StandardService.stopInternal Stopping service [Catalina]
26-Feb-2024 21:26:30.154 INFO [main] org.apache.coyote.AbstractProtocol.stop Stopping ProtocolHandler ["http-nio-8080"]
26-Feb-2024 21:26:30.166 INFO [main] org.apache.coyote.AbstractProtocol.destroy Destroying ProtocolHandler ["http-nio-8080"]
26-Feb-2024 21:26:50.146 INFO [main] org.apache.catalina.startup.VersionLoggerListener.log Server version name:   Apache Tomcat/10.1.19
26-Feb-2024 21:26:50.157 INFO [main] org.apache.catalina.startup.VersionLoggerListener.log Server built:          Feb 14 2024 19:36:50 UTC
26-Feb-2024 21:26:50.157 INFO [main] org.apache.catalina.startup.VersionLoggerListener.log Server version number: 10.1.19.0
26-Feb-2024 21:26:50.158 INFO [main] org.apache.catalina.startup.VersionLoggerListener.log OS Name:               Windows 11
26-Feb-2024 21:26:50.158 INFO [main] org.apache.catalina.startup.VersionLoggerListener.log OS Version:            10.0
26-Feb-2024 21:26:50.158 INFO [main] org.apache.catalina.startup.VersionLoggerListener.log Architecture:          amd64
26-Feb-2024 21:26:50.159 INFO [main] org.apache.catalina.startup.VersionLoggerListener.log Java Home:             C:\Program Files\Java\jdk-21
26-Feb-2024 21:26:50.159 INFO [main] org.apache.catalina.startup.VersionLoggerListener.log JVM Version:           21.0.1+12-LTS-29
26-Feb-2024 21:26:50.160 INFO [main] org.apache.catalina.startup.VersionLoggerListener.log JVM Vendor:            Oracle Corporation
26-Feb-2024 21:26:50.160 INFO [main] org.apache.catalina.startup.VersionLoggerListener.log CATALINA_BASE:         C:\Users\hongr\OneDrive\桌面\Programming Language\Java\JavaWeb\apache-tomcat-10.1.19
26-Feb-2024 21:26:50.160 INFO [main] org.apache.catalina.startup.VersionLoggerListener.log CATALINA_HOME:         C:\Users\hongr\OneDrive\桌面\Programming Language\Java\JavaWeb\apache-tomcat-10.1.19
26-Feb-2024 21:26:50.190 INFO [main] org.apache.catalina.startup.VersionLoggerListener.log Command line argument: -Djava.util.logging.config.file=C:\Users\hongr\OneDrive\桌面\Programming Language\Java\JavaWeb\apache-tomcat-10.1.19\conf\logging.properties
26-Feb-2024 21:26:50.193 INFO [main] org.apache.catalina.startup.VersionLoggerListener.log Command line argument: -Djava.util.logging.manager=org.apache.juli.ClassLoaderLogManager
26-Feb-2024 21:26:50.194 INFO [main] org.apache.catalina.startup.VersionLoggerListener.log Command line argument: -Djdk.tls.ephemeralDHKeySize=2048
26-Feb-2024 21:26:50.195 INFO [main] org.apache.catalina.startup.VersionLoggerListener.log Command line argument: -Djava.protocol.handler.pkgs=org.apache.catalina.webresources
26-Feb-2024 21:26:50.198 INFO [main] org.apache.catalina.startup.VersionLoggerListener.log Command line argument: --add-opens=java.base/java.lang=ALL-UNNAMED
26-Feb-2024 21:26:50.206 INFO [main] org.apache.catalina.startup.VersionLoggerListener.log Command line argument: --add-opens=java.base/java.io=ALL-UNNAMED
26-Feb-2024 21:26:50.207 INFO [main] org.apache.catalina.startup.VersionLoggerListener.log Command line argument: --add-opens=java.base/java.util=ALL-UNNAMED
26-Feb-2024 21:26:50.208 INFO [main] org.apache.catalina.startup.VersionLoggerListener.log Command line argument: --add-opens=java.base/java.util.concurrent=ALL-UNNAMED
26-Feb-2024 21:26:50.209 INFO [main] org.apache.catalina.startup.VersionLoggerListener.log Command line argument: --add-opens=java.rmi/sun.rmi.transport=ALL-UNNAMED
26-Feb-2024 21:26:50.210 INFO [main] org.apache.catalina.startup.VersionLoggerListener.log Command line argument: -Dcatalina.base=C:\Users\hongr\OneDrive\桌面\Programming Language\Java\JavaWeb\apache-tomcat-10.1.19
26-Feb-2024 21:26:50.212 INFO [main] org.apache.catalina.startup.VersionLoggerListener.log Command line argument: -Dcatalina.home=C:\Users\hongr\OneDrive\桌面\Programming Language\Java\JavaWeb\apache-tomcat-10.1.19
26-Feb-2024 21:26:50.212 INFO [main] org.apache.catalina.startup.VersionLoggerListener.log Command line argument: -Djava.io.tmpdir=C:\Users\hongr\OneDrive\桌面\Programming Language\Java\JavaWeb\apache-tomcat-10.1.19\temp
26-Feb-2024 21:26:50.224 INFO [main] org.apache.catalina.core.AprLifecycleListener.lifecycleEvent Loaded Apache Tomcat Native library [2.0.7] using APR version [1.7.4].
26-Feb-2024 21:26:50.240 INFO [main] org.apache.catalina.core.AprLifecycleListener.initializeSSL OpenSSL successfully initialized [OpenSSL 3.0.13 30 Jan 2024]
26-Feb-2024 21:26:50.829 INFO [main] org.apache.coyote.AbstractProtocol.init Initializing ProtocolHandler ["http-nio-8080"]
26-Feb-2024 21:26:50.877 INFO [main] org.apache.catalina.startup.Catalina.load Server initialization in [1220] milliseconds
26-Feb-2024 21:26:51.011 INFO [main] org.apache.catalina.core.StandardService.startInternal Starting service [Catalina]
26-Feb-2024 21:26:51.012 INFO [main] org.apache.catalina.core.StandardEngine.startInternal Starting Servlet engine: [Apache Tomcat/10.1.19]
26-Feb-2024 21:26:51.042 INFO [main] org.apache.catalina.startup.HostConfig.deployDirectory Deploying web application directory [C:\Users\hongr\OneDrive\桌面\Programming Language\Java\JavaWeb\apache-tomcat-10.1.19\webapps\docs]
26-Feb-2024 21:26:51.656 INFO [main] org.apache.catalina.startup.HostConfig.deployDirectory Deployment of web application directory [C:\Users\hongr\OneDrive\桌面\Programming Language\Java\JavaWeb\apache-tomcat-10.1.19\webapps\docs] has finished in [613] ms
26-Feb-2024 21:26:51.657 INFO [main] org.apache.catalina.startup.HostConfig.deployDirectory Deploying web application directory [C:\Users\hongr\OneDrive\桌面\Programming Language\Java\JavaWeb\apache-tomcat-10.1.19\webapps\examples]
26-Feb-2024 21:26:52.883 INFO [main] org.apache.catalina.startup.HostConfig.deployDirectory Deployment of web application directory [C:\Users\hongr\OneDrive\桌面\Programming Language\Java\JavaWeb\apache-tomcat-10.1.19\webapps\examples] has finished in [1,225] ms
26-Feb-2024 21:26:52.884 INFO [main] org.apache.catalina.startup.HostConfig.deployDirectory Deploying web application directory [C:\Users\hongr\OneDrive\桌面\Programming Language\Java\JavaWeb\apache-tomcat-10.1.19\webapps\host-manager]
26-Feb-2024 21:26:53.010 INFO [main] org.apache.catalina.startup.HostConfig.deployDirectory Deployment of web application directory [C:\Users\hongr\OneDrive\桌面\Programming Language\Java\JavaWeb\apache-tomcat-10.1.19\webapps\host-manager] has finished in [126] ms
26-Feb-2024 21:26:53.012 INFO [main] org.apache.catalina.startup.HostConfig.deployDirectory Deploying web application directory [C:\Users\hongr\OneDrive\桌面\Programming Language\Java\JavaWeb\apache-tomcat-10.1.19\webapps\manager]
26-Feb-2024 21:26:53.135 INFO [main] org.apache.catalina.startup.HostConfig.deployDirectory Deployment of web application directory [C:\Users\hongr\OneDrive\桌面\Programming Language\Java\JavaWeb\apache-tomcat-10.1.19\webapps\manager] has finished in [122] ms
26-Feb-2024 21:26:53.135 INFO [main] org.apache.catalina.startup.HostConfig.deployDirectory Deploying web application directory [C:\Users\hongr\OneDrive\桌面\Programming Language\Java\JavaWeb\apache-tomcat-10.1.19\webapps\ROOT]
26-Feb-2024 21:26:53.210 INFO [main] org.apache.catalina.startup.HostConfig.deployDirectory Deployment of web application directory [C:\Users\hongr\OneDrive\桌面\Programming Language\Java\JavaWeb\apache-tomcat-10.1.19\webapps\ROOT] has finished in [75] ms
26-Feb-2024 21:26:53.221 INFO [main] org.apache.coyote.AbstractProtocol.start Starting ProtocolHandler ["http-nio-8080"]
26-Feb-2024 21:26:53.305 INFO [main] org.apache.catalina.startup.Catalina.start Server startup in [2425] milliseconds
26-Feb-2024 21:27:00.632 INFO [Thread-1] org.apache.coyote.AbstractProtocol.pause Pausing ProtocolHandler ["http-nio-8080"]
26-Feb-2024 21:27:00.637 INFO [Thread-1] org.apache.catalina.core.StandardService.stopInternal Stopping service [Catalina]
26-Feb-2024 21:27:00.669 INFO [Thread-1] org.apache.coyote.AbstractProtocol.stop Stopping ProtocolHandler ["http-nio-8080"]
26-Feb-2024 21:27:00.689 INFO [Thread-1] org.apache.coyote.AbstractProtocol.destroy Destroying ProtocolHandler ["http-nio-8080"]
26-Feb-2024 21:28:41.243 INFO [main] org.apache.catalina.startup.VersionLoggerListener.log Server version name:   Apache Tomcat/10.1.19
26-Feb-2024 21:28:41.250 INFO [main] org.apache.catalina.startup.VersionLoggerListener.log Server built:          Feb 14 2024 19:36:50 UTC
26-Feb-2024 21:28:41.250 INFO [main] org.apache.catalina.startup.VersionLoggerListener.log Server version number: 10.1.19.0
26-Feb-2024 21:28:41.250 INFO [main] org.apache.catalina.startup.VersionLoggerListener.log OS Name:               Windows 11
26-Feb-2024 21:28:41.250 INFO [main] org.apache.catalina.startup.VersionLoggerListener.log OS Version:            10.0
26-Feb-2024 21:28:41.250 INFO [main] org.apache.catalina.startup.VersionLoggerListener.log Architecture:          amd64
26-Feb-2024 21:28:41.252 INFO [main] org.apache.catalina.startup.VersionLoggerListener.log Java Home:             C:\Program Files\Java\jdk-21
26-Feb-2024 21:28:41.253 INFO [main] org.apache.catalina.startup.VersionLoggerListener.log JVM Version:           21.0.1+12-LTS-29
26-Feb-2024 21:28:41.253 INFO [main] org.apache.catalina.startup.VersionLoggerListener.log JVM Vendor:            Oracle Corporation
26-Feb-2024 21:28:41.253 INFO [main] org.apache.catalina.startup.VersionLoggerListener.log CATALINA_BASE:         C:\Users\hongr\OneDrive\桌面\Programming Language\Java\JavaWeb\apache-tomcat-10.1.19
26-Feb-2024 21:28:41.256 INFO [main] org.apache.catalina.startup.VersionLoggerListener.log CATALINA_HOME:         C:\Users\hongr\OneDrive\桌面\Programming Language\Java\JavaWeb\apache-tomcat-10.1.19
26-Feb-2024 21:28:41.313 INFO [main] org.apache.catalina.startup.VersionLoggerListener.log Command line argument: -Djava.util.logging.config.file=C:\Users\hongr\OneDrive\桌面\Programming Language\Java\JavaWeb\apache-tomcat-10.1.19\conf\logging.properties
26-Feb-2024 21:28:41.313 INFO [main] org.apache.catalina.startup.VersionLoggerListener.log Command line argument: -Djava.util.logging.manager=org.apache.juli.ClassLoaderLogManager
26-Feb-2024 21:28:41.313 INFO [main] org.apache.catalina.startup.VersionLoggerListener.log Command line argument: -Djdk.tls.ephemeralDHKeySize=2048
26-Feb-2024 21:28:41.314 INFO [main] org.apache.catalina.startup.VersionLoggerListener.log Command line argument: -Djava.protocol.handler.pkgs=org.apache.catalina.webresources
26-Feb-2024 21:28:41.314 INFO [main] org.apache.catalina.startup.VersionLoggerListener.log Command line argument: --add-opens=java.base/java.lang=ALL-UNNAMED
26-Feb-2024 21:28:41.314 INFO [main] org.apache.catalina.startup.VersionLoggerListener.log Command line argument: --add-opens=java.base/java.io=ALL-UNNAMED
26-Feb-2024 21:28:41.314 INFO [main] org.apache.catalina.startup.VersionLoggerListener.log Command line argument: --add-opens=java.base/java.util=ALL-UNNAMED
26-Feb-2024 21:28:41.315 INFO [main] org.apache.catalina.startup.VersionLoggerListener.log Command line argument: --add-opens=java.base/java.util.concurrent=ALL-UNNAMED
26-Feb-2024 21:28:41.315 INFO [main] org.apache.catalina.startup.VersionLoggerListener.log Command line argument: --add-opens=java.rmi/sun.rmi.transport=ALL-UNNAMED
26-Feb-2024 21:28:41.315 INFO [main] org.apache.catalina.startup.VersionLoggerListener.log Command line argument: -Dcatalina.base=C:\Users\hongr\OneDrive\桌面\Programming Language\Java\JavaWeb\apache-tomcat-10.1.19
26-Feb-2024 21:28:41.315 INFO [main] org.apache.catalina.startup.VersionLoggerListener.log Command line argument: -Dcatalina.home=C:\Users\hongr\OneDrive\桌面\Programming Language\Java\JavaWeb\apache-tomcat-10.1.19
26-Feb-2024 21:28:41.315 INFO [main] org.apache.catalina.startup.VersionLoggerListener.log Command line argument: -Djava.io.tmpdir=C:\Users\hongr\OneDrive\桌面\Programming Language\Java\JavaWeb\apache-tomcat-10.1.19\temp
26-Feb-2024 21:28:42.150 INFO [main] org.apache.catalina.core.AprLifecycleListener.lifecycleEvent Loaded Apache Tomcat Native library [2.0.7] using APR version [1.7.4].
26-Feb-2024 21:28:42.171 INFO [main] org.apache.catalina.core.AprLifecycleListener.initializeSSL OpenSSL successfully initialized [OpenSSL 3.0.13 30 Jan 2024]
26-Feb-2024 21:28:42.750 INFO [main] org.apache.coyote.AbstractProtocol.init Initializing ProtocolHandler ["http-nio-8080"]
26-Feb-2024 21:28:42.816 INFO [main] org.apache.catalina.startup.Catalina.load Server initialization in [1888] milliseconds
26-Feb-2024 21:28:42.946 INFO [main] org.apache.catalina.core.StandardService.startInternal Starting service [Catalina]
26-Feb-2024 21:28:42.947 INFO [main] org.apache.catalina.core.StandardEngine.startInternal Starting Servlet engine: [Apache Tomcat/10.1.19]
26-Feb-2024 21:28:42.979 INFO [main] org.apache.catalina.startup.HostConfig.deployDirectory Deploying web application directory [C:\Users\hongr\OneDrive\桌面\Programming Language\Java\JavaWeb\apache-tomcat-10.1.19\webapps\docs]
26-Feb-2024 21:28:43.828 INFO [main] org.apache.catalina.startup.HostConfig.deployDirectory Deployment of web application directory [C:\Users\hongr\OneDrive\桌面\Programming Language\Java\JavaWeb\apache-tomcat-10.1.19\webapps\docs] has finished in [848] ms
26-Feb-2024 21:28:43.829 INFO [main] org.apache.catalina.startup.HostConfig.deployDirectory Deploying web application directory [C:\Users\hongr\OneDrive\桌面\Programming Language\Java\JavaWeb\apache-tomcat-10.1.19\webapps\examples]
26-Feb-2024 21:28:45.725 INFO [main] org.apache.catalina.startup.HostConfig.deployDirectory Deployment of web application directory [C:\Users\hongr\OneDrive\桌面\Programming Language\Java\JavaWeb\apache-tomcat-10.1.19\webapps\examples] has finished in [1,896] ms
26-Feb-2024 21:28:45.726 INFO [main] org.apache.catalina.startup.HostConfig.deployDirectory Deploying web application directory [C:\Users\hongr\OneDrive\桌面\Programming Language\Java\JavaWeb\apache-tomcat-10.1.19\webapps\host-manager]
26-Feb-2024 21:28:45.878 INFO [main] org.apache.catalina.startup.HostConfig.deployDirectory Deployment of web application directory [C:\Users\hongr\OneDrive\桌面\Programming Language\Java\JavaWeb\apache-tomcat-10.1.19\webapps\host-manager] has finished in [152] ms
26-Feb-2024 21:28:45.879 INFO [main] org.apache.catalina.startup.HostConfig.deployDirectory Deploying web application directory [C:\Users\hongr\OneDrive\桌面\Programming Language\Java\JavaWeb\apache-tomcat-10.1.19\webapps\manager]
26-Feb-2024 21:28:46.043 INFO [main] org.apache.catalina.startup.HostConfig.deployDirectory Deployment of web application directory [C:\Users\hongr\OneDrive\桌面\Programming Language\Java\JavaWeb\apache-tomcat-10.1.19\webapps\manager] has finished in [164] ms
26-Feb-2024 21:28:46.044 INFO [main] org.apache.catalina.startup.HostConfig.deployDirectory Deploying web application directory [C:\Users\hongr\OneDrive\桌面\Programming Language\Java\JavaWeb\apache-tomcat-10.1.19\webapps\ROOT]
26-Feb-2024 21:28:46.147 INFO [main] org.apache.catalina.startup.HostConfig.deployDirectory Deployment of web application directory [C:\Users\hongr\OneDrive\桌面\Programming Language\Java\JavaWeb\apache-tomcat-10.1.19\webapps\ROOT] has finished in [102] ms
26-Feb-2024 21:28:46.167 INFO [main] org.apache.coyote.AbstractProtocol.start Starting ProtocolHandler ["http-nio-8080"]
26-Feb-2024 21:28:46.379 INFO [main] org.apache.catalina.startup.Catalina.start Server startup in [3560] milliseconds
26-Feb-2024 21:29:31.899 INFO [main] org.apache.catalina.core.StandardServer.await A valid shutdown command was received via the shutdown port. Stopping the Server instance.
26-Feb-2024 21:29:31.901 INFO [main] org.apache.coyote.AbstractProtocol.pause Pausing ProtocolHandler ["http-nio-8080"]
26-Feb-2024 21:29:31.908 INFO [main] org.apache.catalina.core.StandardService.stopInternal Stopping service [Catalina]
26-Feb-2024 21:29:31.931 INFO [main] org.apache.coyote.AbstractProtocol.stop Stopping ProtocolHandler ["http-nio-8080"]
26-Feb-2024 21:29:31.946 INFO [main] org.apache.coyote.AbstractProtocol.destroy Destroying ProtocolHandler ["http-nio-8080"]
26-Feb-2024 21:34:58.475 INFO [main] org.apache.catalina.startup.VersionLoggerListener.log Server version name:   Apache Tomcat/10.1.19
26-Feb-2024 21:34:58.486 INFO [main] org.apache.catalina.startup.VersionLoggerListener.log Server built:          Feb 14 2024 19:36:50 UTC
26-Feb-2024 21:34:58.486 INFO [main] org.apache.catalina.startup.VersionLoggerListener.log Server version number: 10.1.19.0
26-Feb-2024 21:34:58.488 INFO [main] org.apache.catalina.startup.VersionLoggerListener.log OS Name:               Windows 11
26-Feb-2024 21:34:58.488 INFO [main] org.apache.catalina.startup.VersionLoggerListener.log OS Version:            10.0
26-Feb-2024 21:34:58.488 INFO [main] org.apache.catalina.startup.VersionLoggerListener.log Architecture:          amd64
26-Feb-2024 21:34:58.489 INFO [main] org.apache.catalina.startup.VersionLoggerListener.log Java Home:             C:\Program Files\Java\jdk-21
26-Feb-2024 21:34:58.489 INFO [main] org.apache.catalina.startup.VersionLoggerListener.log JVM Version:           21.0.1+12-LTS-29
26-Feb-2024 21:34:58.489 INFO [main] org.apache.catalina.startup.VersionLoggerListener.log JVM Vendor:            Oracle Corporation
26-Feb-2024 21:34:58.490 INFO [main] org.apache.catalina.startup.VersionLoggerListener.log CATALINA_BASE:         C:\Users\hongr\OneDrive\桌面\Programming Language\Java\JavaWeb\apache-tomcat-10.1.19
26-Feb-2024 21:34:58.491 INFO [main] org.apache.catalina.startup.VersionLoggerListener.log CATALINA_HOME:         C:\Users\hongr\OneDrive\桌面\Programming Language\Java\JavaWeb\apache-tomcat-10.1.19
26-Feb-2024 21:34:58.517 INFO [main] org.apache.catalina.startup.VersionLoggerListener.log Command line argument: -Djava.util.logging.config.file=C:\Users\hongr\OneDrive\桌面\Programming Language\Java\JavaWeb\apache-tomcat-10.1.19\conf\logging.properties
26-Feb-2024 21:34:58.518 INFO [main] org.apache.catalina.startup.VersionLoggerListener.log Command line argument: -Djava.util.logging.manager=org.apache.juli.ClassLoaderLogManager
26-Feb-2024 21:34:58.523 INFO [main] org.apache.catalina.startup.VersionLoggerListener.log Command line argument: -Djdk.tls.ephemeralDHKeySize=2048
26-Feb-2024 21:34:58.524 INFO [main] org.apache.catalina.startup.VersionLoggerListener.log Command line argument: -Djava.protocol.handler.pkgs=org.apache.catalina.webresources
26-Feb-2024 21:34:58.525 INFO [main] org.apache.catalina.startup.VersionLoggerListener.log Command line argument: --add-opens=java.base/java.lang=ALL-UNNAMED
26-Feb-2024 21:34:58.525 INFO [main] org.apache.catalina.startup.VersionLoggerListener.log Command line argument: --add-opens=java.base/java.io=ALL-UNNAMED
26-Feb-2024 21:34:58.526 INFO [main] org.apache.catalina.startup.VersionLoggerListener.log Command line argument: --add-opens=java.base/java.util=ALL-UNNAMED
26-Feb-2024 21:34:58.526 INFO [main] org.apache.catalina.startup.VersionLoggerListener.log Command line argument: --add-opens=java.base/java.util.concurrent=ALL-UNNAMED
26-Feb-2024 21:34:58.526 INFO [main] org.apache.catalina.startup.VersionLoggerListener.log Command line argument: --add-opens=java.rmi/sun.rmi.transport=ALL-UNNAMED
26-Feb-2024 21:34:58.527 INFO [main] org.apache.catalina.startup.VersionLoggerListener.log Command line argument: -Dcatalina.base=C:\Users\hongr\OneDrive\桌面\Programming Language\Java\JavaWeb\apache-tomcat-10.1.19
26-Feb-2024 21:34:58.528 INFO [main] org.apache.catalina.startup.VersionLoggerListener.log Command line argument: -Dcatalina.home=C:\Users\hongr\OneDrive\桌面\Programming Language\Java\JavaWeb\apache-tomcat-10.1.19
26-Feb-2024 21:34:58.528 INFO [main] org.apache.catalina.startup.VersionLoggerListener.log Command line argument: -Djava.io.tmpdir=C:\Users\hongr\OneDrive\桌面\Programming Language\Java\JavaWeb\apache-tomcat-10.1.19\temp
26-Feb-2024 21:34:58.544 INFO [main] org.apache.catalina.core.AprLifecycleListener.lifecycleEvent Loaded Apache Tomcat Native library [2.0.7] using APR version [1.7.4].
26-Feb-2024 21:34:58.559 INFO [main] org.apache.catalina.core.AprLifecycleListener.initializeSSL OpenSSL successfully initialized [OpenSSL 3.0.13 30 Jan 2024]
26-Feb-2024 21:34:59.122 INFO [main] org.apache.coyote.AbstractProtocol.init Initializing ProtocolHandler ["http-nio-8080"]
26-Feb-2024 21:34:59.172 INFO [main] org.apache.catalina.startup.Catalina.load Server initialization in [1041] milliseconds
26-Feb-2024 21:34:59.273 INFO [main] org.apache.catalina.core.StandardService.startInternal Starting service [Catalina]
26-Feb-2024 21:34:59.273 INFO [main] org.apache.catalina.core.StandardEngine.startInternal Starting Servlet engine: [Apache Tomcat/10.1.19]
26-Feb-2024 21:34:59.295 INFO [main] org.apache.catalina.startup.HostConfig.deployDirectory Deploying web application directory [C:\Users\hongr\OneDrive\桌面\Programming Language\Java\JavaWeb\apache-tomcat-10.1.19\webapps\docs]
26-Feb-2024 21:34:59.958 INFO [main] org.apache.catalina.startup.HostConfig.deployDirectory Deployment of web application directory [C:\Users\hongr\OneDrive\桌面\Programming Language\Java\JavaWeb\apache-tomcat-10.1.19\webapps\docs] has finished in [662] ms
26-Feb-2024 21:34:59.960 INFO [main] org.apache.catalina.startup.HostConfig.deployDirectory Deploying web application directory [C:\Users\hongr\OneDrive\桌面\Programming Language\Java\JavaWeb\apache-tomcat-10.1.19\webapps\examples]
26-Feb-2024 21:35:01.276 INFO [main] org.apache.catalina.startup.HostConfig.deployDirectory Deployment of web application directory [C:\Users\hongr\OneDrive\桌面\Programming Language\Java\JavaWeb\apache-tomcat-10.1.19\webapps\examples] has finished in [1,315] ms
26-Feb-2024 21:35:01.280 INFO [main] org.apache.catalina.startup.HostConfig.deployDirectory Deploying web application directory [C:\Users\hongr\OneDrive\桌面\Programming Language\Java\JavaWeb\apache-tomcat-10.1.19\webapps\host-manager]
26-Feb-2024 21:35:01.525 INFO [main] org.apache.catalina.startup.HostConfig.deployDirectory Deployment of web application directory [C:\Users\hongr\OneDrive\桌面\Programming Language\Java\JavaWeb\apache-tomcat-10.1.19\webapps\host-manager] has finished in [246] ms
26-Feb-2024 21:35:01.526 INFO [main] org.apache.catalina.startup.HostConfig.deployDirectory Deploying web application directory [C:\Users\hongr\OneDrive\桌面\Programming Language\Java\JavaWeb\apache-tomcat-10.1.19\webapps\manager]
26-Feb-2024 21:35:01.631 INFO [main] org.apache.catalina.startup.HostConfig.deployDirectory Deployment of web application directory [C:\Users\hongr\OneDrive\桌面\Programming Language\Java\JavaWeb\apache-tomcat-10.1.19\webapps\manager] has finished in [105] ms
26-Feb-2024 21:35:01.632 INFO [main] org.apache.catalina.startup.HostConfig.deployDirectory Deploying web application directory [C:\Users\hongr\OneDrive\桌面\Programming Language\Java\JavaWeb\apache-tomcat-10.1.19\webapps\ROOT]
26-Feb-2024 21:35:01.693 INFO [main] org.apache.catalina.startup.HostConfig.deployDirectory Deployment of web application directory [C:\Users\hongr\OneDrive\桌面\Programming Language\Java\JavaWeb\apache-tomcat-10.1.19\webapps\ROOT] has finished in [61] ms
26-Feb-2024 21:35:01.704 INFO [main] org.apache.coyote.AbstractProtocol.start Starting ProtocolHandler ["http-nio-8080"]
26-Feb-2024 21:35:01.771 INFO [main] org.apache.catalina.startup.Catalina.start Server startup in [2595] milliseconds
26-Feb-2024 21:35:11.661 INFO [Thread-1] org.apache.coyote.AbstractProtocol.pause Pausing ProtocolHandler ["http-nio-8080"]
26-Feb-2024 21:35:11.668 INFO [Thread-1] org.apache.catalina.core.StandardService.stopInternal Stopping service [Catalina]
26-Feb-2024 21:35:11.704 INFO [Thread-1] org.apache.coyote.AbstractProtocol.stop Stopping ProtocolHandler ["http-nio-8080"]
26-Feb-2024 21:35:11.722 INFO [Thread-1] org.apache.coyote.AbstractProtocol.destroy Destroying ProtocolHandler ["http-nio-8080"]
26-Feb-2024 21:35:31.939 INFO [main] org.apache.catalina.startup.VersionLoggerListener.log Server version name:   Apache Tomcat/10.1.19
26-Feb-2024 21:35:31.947 INFO [main] org.apache.catalina.startup.VersionLoggerListener.log Server built:          Feb 14 2024 19:36:50 UTC
26-Feb-2024 21:35:31.947 INFO [main] org.apache.catalina.startup.VersionLoggerListener.log Server version number: 10.1.19.0
26-Feb-2024 21:35:31.948 INFO [main] org.apache.catalina.startup.VersionLoggerListener.log OS Name:               Windows 11
26-Feb-2024 21:35:31.948 INFO [main] org.apache.catalina.startup.VersionLoggerListener.log OS Version:            10.0
26-Feb-2024 21:35:31.948 INFO [main] org.apache.catalina.startup.VersionLoggerListener.log Architecture:          amd64
26-Feb-2024 21:35:31.949 INFO [main] org.apache.catalina.startup.VersionLoggerListener.log Java Home:             C:\Program Files\Java\jdk-21
26-Feb-2024 21:35:31.949 INFO [main] org.apache.catalina.startup.VersionLoggerListener.log JVM Version:           21.0.1+12-LTS-29
26-Feb-2024 21:35:31.949 INFO [main] org.apache.catalina.startup.VersionLoggerListener.log JVM Vendor:            Oracle Corporation
26-Feb-2024 21:35:31.950 INFO [main] org.apache.catalina.startup.VersionLoggerListener.log CATALINA_BASE:         C:\Users\hongr\OneDrive\桌面\Programming Language\Java\JavaWeb\apache-tomcat-10.1.19
26-Feb-2024 21:35:31.950 INFO [main] org.apache.catalina.startup.VersionLoggerListener.log CATALINA_HOME:         C:\Users\hongr\OneDrive\桌面\Programming Language\Java\JavaWeb\apache-tomcat-10.1.19
26-Feb-2024 21:35:31.974 INFO [main] org.apache.catalina.startup.VersionLoggerListener.log Command line argument: -Djava.util.logging.config.file=C:\Users\hongr\OneDrive\桌面\Programming Language\Java\JavaWeb\apache-tomcat-10.1.19\conf\logging.properties
26-Feb-2024 21:35:31.974 INFO [main] org.apache.catalina.startup.VersionLoggerListener.log Command line argument: -Djava.util.logging.manager=org.apache.juli.ClassLoaderLogManager
26-Feb-2024 21:35:31.976 INFO [main] org.apache.catalina.startup.VersionLoggerListener.log Command line argument: -Djdk.tls.ephemeralDHKeySize=2048
26-Feb-2024 21:35:31.976 INFO [main] org.apache.catalina.startup.VersionLoggerListener.log Command line argument: -Djava.protocol.handler.pkgs=org.apache.catalina.webresources
26-Feb-2024 21:35:31.976 INFO [main] org.apache.catalina.startup.VersionLoggerListener.log Command line argument: --add-opens=java.base/java.lang=ALL-UNNAMED
26-Feb-2024 21:35:31.976 INFO [main] org.apache.catalina.startup.VersionLoggerListener.log Command line argument: --add-opens=java.base/java.io=ALL-UNNAMED
26-Feb-2024 21:35:31.976 INFO [main] org.apache.catalina.startup.VersionLoggerListener.log Command line argument: --add-opens=java.base/java.util=ALL-UNNAMED
26-Feb-2024 21:35:31.977 INFO [main] org.apache.catalina.startup.VersionLoggerListener.log Command line argument: --add-opens=java.base/java.util.concurrent=ALL-UNNAMED
26-Feb-2024 21:35:31.977 INFO [main] org.apache.catalina.startup.VersionLoggerListener.log Command line argument: --add-opens=java.rmi/sun.rmi.transport=ALL-UNNAMED
26-Feb-2024 21:35:31.977 INFO [main] org.apache.catalina.startup.VersionLoggerListener.log Command line argument: -Dcatalina.base=C:\Users\hongr\OneDrive\桌面\Programming Language\Java\JavaWeb\apache-tomcat-10.1.19
26-Feb-2024 21:35:31.978 INFO [main] org.apache.catalina.startup.VersionLoggerListener.log Command line argument: -Dcatalina.home=C:\Users\hongr\OneDrive\桌面\Programming Language\Java\JavaWeb\apache-tomcat-10.1.19
26-Feb-2024 21:35:31.978 INFO [main] org.apache.catalina.startup.VersionLoggerListener.log Command line argument: -Djava.io.tmpdir=C:\Users\hongr\OneDrive\桌面\Programming Language\Java\JavaWeb\apache-tomcat-10.1.19\temp
26-Feb-2024 21:35:31.985 INFO [main] org.apache.catalina.core.AprLifecycleListener.lifecycleEvent Loaded Apache Tomcat Native library [2.0.7] using APR version [1.7.4].
26-Feb-2024 21:35:32.008 INFO [main] org.apache.catalina.core.AprLifecycleListener.initializeSSL OpenSSL successfully initialized [OpenSSL 3.0.13 30 Jan 2024]
26-Feb-2024 21:35:32.594 INFO [main] org.apache.coyote.AbstractProtocol.init Initializing ProtocolHandler ["http-nio-8080"]
26-Feb-2024 21:35:32.652 INFO [main] org.apache.catalina.startup.Catalina.load Server initialization in [1050] milliseconds
26-Feb-2024 21:35:32.761 INFO [main] org.apache.catalina.core.StandardService.startInternal Starting service [Catalina]
26-Feb-2024 21:35:32.761 INFO [main] org.apache.catalina.core.StandardEngine.startInternal Starting Servlet engine: [Apache Tomcat/10.1.19]
26-Feb-2024 21:35:32.785 INFO [main] org.apache.catalina.startup.HostConfig.deployDirectory Deploying web application directory [C:\Users\hongr\OneDrive\桌面\Programming Language\Java\JavaWeb\apache-tomcat-10.1.19\webapps\docs]
26-Feb-2024 21:35:33.584 INFO [main] org.apache.catalina.startup.HostConfig.deployDirectory Deployment of web application directory [C:\Users\hongr\OneDrive\桌面\Programming Language\Java\JavaWeb\apache-tomcat-10.1.19\webapps\docs] has finished in [799] ms
26-Feb-2024 21:35:33.586 INFO [main] org.apache.catalina.startup.HostConfig.deployDirectory Deploying web application directory [C:\Users\hongr\OneDrive\桌面\Programming Language\Java\JavaWeb\apache-tomcat-10.1.19\webapps\examples]
26-Feb-2024 21:35:34.939 INFO [main] org.apache.catalina.startup.HostConfig.deployDirectory Deployment of web application directory [C:\Users\hongr\OneDrive\桌面\Programming Language\Java\JavaWeb\apache-tomcat-10.1.19\webapps\examples] has finished in [1,355] ms
26-Feb-2024 21:35:34.941 INFO [main] org.apache.catalina.startup.HostConfig.deployDirectory Deploying web application directory [C:\Users\hongr\OneDrive\桌面\Programming Language\Java\JavaWeb\apache-tomcat-10.1.19\webapps\host-manager]
26-Feb-2024 21:35:35.093 INFO [main] org.apache.catalina.startup.HostConfig.deployDirectory Deployment of web application directory [C:\Users\hongr\OneDrive\桌面\Programming Language\Java\JavaWeb\apache-tomcat-10.1.19\webapps\host-manager] has finished in [152] ms
26-Feb-2024 21:35:35.098 INFO [main] org.apache.catalina.startup.HostConfig.deployDirectory Deploying web application directory [C:\Users\hongr\OneDrive\桌面\Programming Language\Java\JavaWeb\apache-tomcat-10.1.19\webapps\manager]
26-Feb-2024 21:35:35.257 INFO [main] org.apache.catalina.startup.HostConfig.deployDirectory Deployment of web application directory [C:\Users\hongr\OneDrive\桌面\Programming Language\Java\JavaWeb\apache-tomcat-10.1.19\webapps\manager] has finished in [159] ms
26-Feb-2024 21:35:35.258 INFO [main] org.apache.catalina.startup.HostConfig.deployDirectory Deploying web application directory [C:\Users\hongr\OneDrive\桌面\Programming Language\Java\JavaWeb\apache-tomcat-10.1.19\webapps\ROOT]
26-Feb-2024 21:35:35.336 INFO [main] org.apache.catalina.startup.HostConfig.deployDirectory Deployment of web application directory [C:\Users\hongr\OneDrive\桌面\Programming Language\Java\JavaWeb\apache-tomcat-10.1.19\webapps\ROOT] has finished in [78] ms
26-Feb-2024 21:35:35.349 INFO [main] org.apache.coyote.AbstractProtocol.start Starting ProtocolHandler ["http-nio-8080"]
26-Feb-2024 21:35:35.417 INFO [main] org.apache.catalina.startup.Catalina.start Server startup in [2762] milliseconds
26-Feb-2024 21:35:39.584 INFO [Thread-1] org.apache.coyote.AbstractProtocol.pause Pausing ProtocolHandler ["http-nio-8080"]
26-Feb-2024 21:35:39.594 INFO [Thread-1] org.apache.catalina.core.StandardService.stopInternal Stopping service [Catalina]
26-Feb-2024 21:35:39.625 INFO [Thread-1] org.apache.coyote.AbstractProtocol.stop Stopping ProtocolHandler ["http-nio-8080"]
26-Feb-2024 21:35:39.632 INFO [Thread-1] org.apache.coyote.AbstractProtocol.destroy Destroying ProtocolHandler ["http-nio-8080"]
26-Feb-2024 21:41:46.704 INFO [main] org.apache.catalina.startup.VersionLoggerListener.log Server version name:   Apache Tomcat/10.1.19
26-Feb-2024 21:41:46.713 INFO [main] org.apache.catalina.startup.VersionLoggerListener.log Server built:          Feb 14 2024 19:36:50 UTC
26-Feb-2024 21:41:46.714 INFO [main] org.apache.catalina.startup.VersionLoggerListener.log Server version number: 10.1.19.0
26-Feb-2024 21:41:46.714 INFO [main] org.apache.catalina.startup.VersionLoggerListener.log OS Name:               Windows 11
26-Feb-2024 21:41:46.715 INFO [main] org.apache.catalina.startup.VersionLoggerListener.log OS Version:            10.0
26-Feb-2024 21:41:46.715 INFO [main] org.apache.catalina.startup.VersionLoggerListener.log Architecture:          amd64
26-Feb-2024 21:41:46.715 INFO [main] org.apache.catalina.startup.VersionLoggerListener.log Java Home:             C:\Program Files\Java\jdk-21
26-Feb-2024 21:41:46.715 INFO [main] org.apache.catalina.startup.VersionLoggerListener.log JVM Version:           21.0.1+12-LTS-29
26-Feb-2024 21:41:46.715 INFO [main] org.apache.catalina.startup.VersionLoggerListener.log JVM Vendor:            Oracle Corporation
26-Feb-2024 21:41:46.716 INFO [main] org.apache.catalina.startup.VersionLoggerListener.log CATALINA_BASE:         C:\Users\hongr\OneDrive\桌面\Programming Language\Java\JavaWeb\apache-tomcat-10.1.19
26-Feb-2024 21:41:46.716 INFO [main] org.apache.catalina.startup.VersionLoggerListener.log CATALINA_HOME:         C:\Users\hongr\OneDrive\桌面\Programming Language\Java\JavaWeb\apache-tomcat-10.1.19
26-Feb-2024 21:41:46.736 INFO [main] org.apache.catalina.startup.VersionLoggerListener.log Command line argument: -Djava.util.logging.config.file=C:\Users\hongr\OneDrive\桌面\Programming Language\Java\JavaWeb\apache-tomcat-10.1.19\conf\logging.properties
26-Feb-2024 21:41:46.737 INFO [main] org.apache.catalina.startup.VersionLoggerListener.log Command line argument: -Djava.util.logging.manager=org.apache.juli.ClassLoaderLogManager
26-Feb-2024 21:41:46.737 INFO [main] org.apache.catalina.startup.VersionLoggerListener.log Command line argument: -Djdk.tls.ephemeralDHKeySize=2048
26-Feb-2024 21:41:46.737 INFO [main] org.apache.catalina.startup.VersionLoggerListener.log Command line argument: -Djava.protocol.handler.pkgs=org.apache.catalina.webresources
26-Feb-2024 21:41:46.738 INFO [main] org.apache.catalina.startup.VersionLoggerListener.log Command line argument: --add-opens=java.base/java.lang=ALL-UNNAMED
26-Feb-2024 21:41:46.738 INFO [main] org.apache.catalina.startup.VersionLoggerListener.log Command line argument: --add-opens=java.base/java.io=ALL-UNNAMED
26-Feb-2024 21:41:46.738 INFO [main] org.apache.catalina.startup.VersionLoggerListener.log Command line argument: --add-opens=java.base/java.util=ALL-UNNAMED
26-Feb-2024 21:41:46.738 INFO [main] org.apache.catalina.startup.VersionLoggerListener.log Command line argument: --add-opens=java.base/java.util.concurrent=ALL-UNNAMED
26-Feb-2024 21:41:46.739 INFO [main] org.apache.catalina.startup.VersionLoggerListener.log Command line argument: --add-opens=java.rmi/sun.rmi.transport=ALL-UNNAMED
26-Feb-2024 21:41:46.739 INFO [main] org.apache.catalina.startup.VersionLoggerListener.log Command line argument: -Dcatalina.base=C:\Users\hongr\OneDrive\桌面\Programming Language\Java\JavaWeb\apache-tomcat-10.1.19
26-Feb-2024 21:41:46.740 INFO [main] org.apache.catalina.startup.VersionLoggerListener.log Command line argument: -Dcatalina.home=C:\Users\hongr\OneDrive\桌面\Programming Language\Java\JavaWeb\apache-tomcat-10.1.19
26-Feb-2024 21:41:46.741 INFO [main] org.apache.catalina.startup.VersionLoggerListener.log Command line argument: -Djava.io.tmpdir=C:\Users\hongr\OneDrive\桌面\Programming Language\Java\JavaWeb\apache-tomcat-10.1.19\temp
26-Feb-2024 21:41:47.444 INFO [main] org.apache.catalina.core.AprLifecycleListener.lifecycleEvent Loaded Apache Tomcat Native library [2.0.7] using APR version [1.7.4].
26-Feb-2024 21:41:47.454 INFO [main] org.apache.catalina.core.AprLifecycleListener.initializeSSL OpenSSL successfully initialized [OpenSSL 3.0.13 30 Jan 2024]
26-Feb-2024 21:41:47.966 INFO [main] org.apache.coyote.AbstractProtocol.init Initializing ProtocolHandler ["http-nio-8080"]
26-Feb-2024 21:41:48.018 INFO [main] org.apache.catalina.startup.Catalina.load Server initialization in [1668] milliseconds
26-Feb-2024 21:41:48.126 INFO [main] org.apache.catalina.core.StandardService.startInternal Starting service [Catalina]
26-Feb-2024 21:41:48.127 INFO [main] org.apache.catalina.core.StandardEngine.startInternal Starting Servlet engine: [Apache Tomcat/10.1.19]
26-Feb-2024 21:41:48.159 INFO [main] org.apache.catalina.startup.HostConfig.deployDirectory Deploying web application directory [C:\Users\hongr\OneDrive\桌面\Programming Language\Java\JavaWeb\apache-tomcat-10.1.19\webapps\docs]
26-Feb-2024 21:41:48.849 INFO [main] org.apache.catalina.startup.HostConfig.deployDirectory Deployment of web application directory [C:\Users\hongr\OneDrive\桌面\Programming Language\Java\JavaWeb\apache-tomcat-10.1.19\webapps\docs] has finished in [690] ms
26-Feb-2024 21:41:48.851 INFO [main] org.apache.catalina.startup.HostConfig.deployDirectory Deploying web application directory [C:\Users\hongr\OneDrive\桌面\Programming Language\Java\JavaWeb\apache-tomcat-10.1.19\webapps\examples]
26-Feb-2024 21:41:50.034 INFO [main] org.apache.catalina.startup.HostConfig.deployDirectory Deployment of web application directory [C:\Users\hongr\OneDrive\桌面\Programming Language\Java\JavaWeb\apache-tomcat-10.1.19\webapps\examples] has finished in [1,185] ms
26-Feb-2024 21:41:50.035 INFO [main] org.apache.catalina.startup.HostConfig.deployDirectory Deploying web application directory [C:\Users\hongr\OneDrive\桌面\Programming Language\Java\JavaWeb\apache-tomcat-10.1.19\webapps\host-manager]
26-Feb-2024 21:41:50.144 INFO [main] org.apache.catalina.startup.HostConfig.deployDirectory Deployment of web application directory [C:\Users\hongr\OneDrive\桌面\Programming Language\Java\JavaWeb\apache-tomcat-10.1.19\webapps\host-manager] has finished in [109] ms
26-Feb-2024 21:41:50.145 INFO [main] org.apache.catalina.startup.HostConfig.deployDirectory Deploying web application directory [C:\Users\hongr\OneDrive\桌面\Programming Language\Java\JavaWeb\apache-tomcat-10.1.19\webapps\manager]
26-Feb-2024 21:41:50.230 INFO [main] org.apache.catalina.startup.HostConfig.deployDirectory Deployment of web application directory [C:\Users\hongr\OneDrive\桌面\Programming Language\Java\JavaWeb\apache-tomcat-10.1.19\webapps\manager] has finished in [84] ms
26-Feb-2024 21:41:50.231 INFO [main] org.apache.catalina.startup.HostConfig.deployDirectory Deploying web application directory [C:\Users\hongr\OneDrive\桌面\Programming Language\Java\JavaWeb\apache-tomcat-10.1.19\webapps\ROOT]
26-Feb-2024 21:41:50.308 INFO [main] org.apache.catalina.startup.HostConfig.deployDirectory Deployment of web application directory [C:\Users\hongr\OneDrive\桌面\Programming Language\Java\JavaWeb\apache-tomcat-10.1.19\webapps\ROOT] has finished in [76] ms
26-Feb-2024 21:41:50.316 INFO [main] org.apache.coyote.AbstractProtocol.start Starting ProtocolHandler ["http-nio-8080"]
26-Feb-2024 21:41:50.380 INFO [main] org.apache.catalina.startup.Catalina.start Server startup in [2359] milliseconds
26-Feb-2024 21:41:56.424 INFO [Thread-1] org.apache.coyote.AbstractProtocol.pause Pausing ProtocolHandler ["http-nio-8080"]
26-Feb-2024 21:41:56.431 INFO [Thread-1] org.apache.catalina.core.StandardService.stopInternal Stopping service [Catalina]
26-Feb-2024 21:41:56.465 INFO [Thread-1] org.apache.coyote.AbstractProtocol.stop Stopping ProtocolHandler ["http-nio-8080"]
26-Feb-2024 21:41:56.472 INFO [Thread-1] org.apache.coyote.AbstractProtocol.destroy Destroying ProtocolHandler ["http-nio-8080"]
26-Feb-2024 22:08:39.297 INFO [main] org.apache.catalina.startup.VersionLoggerListener.log Server version name:   Apache Tomcat/10.1.19
26-Feb-2024 22:08:39.304 INFO [main] org.apache.catalina.startup.VersionLoggerListener.log Server built:          Feb 14 2024 19:36:50 UTC
26-Feb-2024 22:08:39.304 INFO [main] org.apache.catalina.startup.VersionLoggerListener.log Server version number: 10.1.19.0
26-Feb-2024 22:08:39.304 INFO [main] org.apache.catalina.startup.VersionLoggerListener.log OS Name:               Windows 11
26-Feb-2024 22:08:39.305 INFO [main] org.apache.catalina.startup.VersionLoggerListener.log OS Version:            10.0
26-Feb-2024 22:08:39.305 INFO [main] org.apache.catalina.startup.VersionLoggerListener.log Architecture:          amd64
26-Feb-2024 22:08:39.305 INFO [main] org.apache.catalina.startup.VersionLoggerListener.log Java Home:             C:\Program Files\Java\jdk-21
26-Feb-2024 22:08:39.305 INFO [main] org.apache.catalina.startup.VersionLoggerListener.log JVM Version:           21.0.1+12-LTS-29
26-Feb-2024 22:08:39.306 INFO [main] org.apache.catalina.startup.VersionLoggerListener.log JVM Vendor:            Oracle Corporation
26-Feb-2024 22:08:39.306 INFO [main] org.apache.catalina.startup.VersionLoggerListener.log CATALINA_BASE:         C:\Users\hongr\OneDrive\桌面\Programming Language\Java\JavaWeb\apache-tomcat-10.1.19
26-Feb-2024 22:08:39.306 INFO [main] org.apache.catalina.startup.VersionLoggerListener.log CATALINA_HOME:         C:\Users\hongr\OneDrive\桌面\Programming Language\Java\JavaWeb\apache-tomcat-10.1.19
26-Feb-2024 22:08:39.324 INFO [main] org.apache.catalina.startup.VersionLoggerListener.log Command line argument: -Djava.util.logging.config.file=C:\Users\hongr\OneDrive\桌面\Programming Language\Java\JavaWeb\apache-tomcat-10.1.19\conf\logging.properties
26-Feb-2024 22:08:39.326 INFO [main] org.apache.catalina.startup.VersionLoggerListener.log Command line argument: -Djava.util.logging.manager=org.apache.juli.ClassLoaderLogManager
26-Feb-2024 22:08:39.331 INFO [main] org.apache.catalina.startup.VersionLoggerListener.log Command line argument: -Djdk.tls.ephemeralDHKeySize=2048
26-Feb-2024 22:08:39.333 INFO [main] org.apache.catalina.startup.VersionLoggerListener.log Command line argument: -Djava.protocol.handler.pkgs=org.apache.catalina.webresources
26-Feb-2024 22:08:39.333 INFO [main] org.apache.catalina.startup.VersionLoggerListener.log Command line argument: --add-opens=java.base/java.lang=ALL-UNNAMED
26-Feb-2024 22:08:39.334 INFO [main] org.apache.catalina.startup.VersionLoggerListener.log Command line argument: --add-opens=java.base/java.io=ALL-UNNAMED
26-Feb-2024 22:08:39.334 INFO [main] org.apache.catalina.startup.VersionLoggerListener.log Command line argument: --add-opens=java.base/java.util=ALL-UNNAMED
26-Feb-2024 22:08:39.335 INFO [main] org.apache.catalina.startup.VersionLoggerListener.log Command line argument: --add-opens=java.base/java.util.concurrent=ALL-UNNAMED
26-Feb-2024 22:08:39.336 INFO [main] org.apache.catalina.startup.VersionLoggerListener.log Command line argument: --add-opens=java.rmi/sun.rmi.transport=ALL-UNNAMED
26-Feb-2024 22:08:39.336 INFO [main] org.apache.catalina.startup.VersionLoggerListener.log Command line argument: -Dcatalina.base=C:\Users\hongr\OneDrive\桌面\Programming Language\Java\JavaWeb\apache-tomcat-10.1.19
26-Feb-2024 22:08:39.337 INFO [main] org.apache.catalina.startup.VersionLoggerListener.log Command line argument: -Dcatalina.home=C:\Users\hongr\OneDrive\桌面\Programming Language\Java\JavaWeb\apache-tomcat-10.1.19
26-Feb-2024 22:08:39.337 INFO [main] org.apache.catalina.startup.VersionLoggerListener.log Command line argument: -Djava.io.tmpdir=C:\Users\hongr\OneDrive\桌面\Programming Language\Java\JavaWeb\apache-tomcat-10.1.19\temp
26-Feb-2024 22:08:39.350 INFO [main] org.apache.catalina.core.AprLifecycleListener.lifecycleEvent Loaded Apache Tomcat Native library [2.0.7] using APR version [1.7.4].
26-Feb-2024 22:08:39.374 INFO [main] org.apache.catalina.core.AprLifecycleListener.initializeSSL OpenSSL successfully initialized [OpenSSL 3.0.13 30 Jan 2024]
26-Feb-2024 22:08:39.920 INFO [main] org.apache.coyote.AbstractProtocol.init Initializing ProtocolHandler ["http-nio-8080"]
26-Feb-2024 22:08:39.970 INFO [main] org.apache.catalina.startup.Catalina.load Server initialization in [981] milliseconds
26-Feb-2024 22:08:40.077 INFO [main] org.apache.catalina.core.StandardService.startInternal Starting service [Catalina]
26-Feb-2024 22:08:40.078 INFO [main] org.apache.catalina.core.StandardEngine.startInternal Starting Servlet engine: [Apache Tomcat/10.1.19]
26-Feb-2024 22:08:40.105 INFO [main] org.apache.catalina.startup.HostConfig.deployDirectory Deploying web application directory [C:\Users\hongr\OneDrive\桌面\Programming Language\Java\JavaWeb\apache-tomcat-10.1.19\webapps\demo]
26-Feb-2024 22:08:40.657 INFO [main] org.apache.catalina.startup.HostConfig.deployDirectory Deployment of web application directory [C:\Users\hongr\OneDrive\桌面\Programming Language\Java\JavaWeb\apache-tomcat-10.1.19\webapps\demo] has finished in [552] ms
26-Feb-2024 22:08:40.658 INFO [main] org.apache.catalina.startup.HostConfig.deployDirectory Deploying web application directory [C:\Users\hongr\OneDrive\桌面\Programming Language\Java\JavaWeb\apache-tomcat-10.1.19\webapps\docs]
26-Feb-2024 22:08:40.729 INFO [main] org.apache.catalina.startup.HostConfig.deployDirectory Deployment of web application directory [C:\Users\hongr\OneDrive\桌面\Programming Language\Java\JavaWeb\apache-tomcat-10.1.19\webapps\docs] has finished in [71] ms
26-Feb-2024 22:08:40.730 INFO [main] org.apache.catalina.startup.HostConfig.deployDirectory Deploying web application directory [C:\Users\hongr\OneDrive\桌面\Programming Language\Java\JavaWeb\apache-tomcat-10.1.19\webapps\examples]
26-Feb-2024 22:08:41.754 INFO [main] org.apache.catalina.startup.HostConfig.deployDirectory Deployment of web application directory [C:\Users\hongr\OneDrive\桌面\Programming Language\Java\JavaWeb\apache-tomcat-10.1.19\webapps\examples] has finished in [1,024] ms
26-Feb-2024 22:08:41.755 INFO [main] org.apache.catalina.startup.HostConfig.deployDirectory Deploying web application directory [C:\Users\hongr\OneDrive\桌面\Programming Language\Java\JavaWeb\apache-tomcat-10.1.19\webapps\host-manager]
26-Feb-2024 22:08:41.850 INFO [main] org.apache.catalina.startup.HostConfig.deployDirectory Deployment of web application directory [C:\Users\hongr\OneDrive\桌面\Programming Language\Java\JavaWeb\apache-tomcat-10.1.19\webapps\host-manager] has finished in [94] ms
26-Feb-2024 22:08:41.850 INFO [main] org.apache.catalina.startup.HostConfig.deployDirectory Deploying web application directory [C:\Users\hongr\OneDrive\桌面\Programming Language\Java\JavaWeb\apache-tomcat-10.1.19\webapps\manager]
26-Feb-2024 22:08:41.926 INFO [main] org.apache.catalina.startup.HostConfig.deployDirectory Deployment of web application directory [C:\Users\hongr\OneDrive\桌面\Programming Language\Java\JavaWeb\apache-tomcat-10.1.19\webapps\manager] has finished in [76] ms
26-Feb-2024 22:08:41.928 INFO [main] org.apache.catalina.startup.HostConfig.deployDirectory Deploying web application directory [C:\Users\hongr\OneDrive\桌面\Programming Language\Java\JavaWeb\apache-tomcat-10.1.19\webapps\ROOT]
26-Feb-2024 22:08:41.977 INFO [main] org.apache.catalina.startup.HostConfig.deployDirectory Deployment of web application directory [C:\Users\hongr\OneDrive\桌面\Programming Language\Java\JavaWeb\apache-tomcat-10.1.19\webapps\ROOT] has finished in [49] ms
26-Feb-2024 22:08:41.987 INFO [main] org.apache.coyote.AbstractProtocol.start Starting ProtocolHandler ["http-nio-8080"]
26-Feb-2024 22:08:42.044 INFO [main] org.apache.catalina.startup.Catalina.start Server startup in [2071] milliseconds
26-Feb-2024 22:20:11.024 INFO [main] org.apache.catalina.startup.VersionLoggerListener.log Server version name:   Apache Tomcat/10.1.19
26-Feb-2024 22:20:11.034 INFO [main] org.apache.catalina.startup.VersionLoggerListener.log Server built:          Feb 14 2024 19:36:50 UTC
26-Feb-2024 22:20:11.040 INFO [main] org.apache.catalina.startup.VersionLoggerListener.log Server version number: 10.1.19.0
26-Feb-2024 22:20:11.040 INFO [main] org.apache.catalina.startup.VersionLoggerListener.log OS Name:               Windows 11
26-Feb-2024 22:20:11.040 INFO [main] org.apache.catalina.startup.VersionLoggerListener.log OS Version:            10.0
26-Feb-2024 22:20:11.041 INFO [main] org.apache.catalina.startup.VersionLoggerListener.log Architecture:          amd64
26-Feb-2024 22:20:11.041 INFO [main] org.apache.catalina.startup.VersionLoggerListener.log Java Home:             C:\Program Files\Java\jdk-17
26-Feb-2024 22:20:11.041 INFO [main] org.apache.catalina.startup.VersionLoggerListener.log JVM Version:           17.0.10+11-LTS-240
26-Feb-2024 22:20:11.041 INFO [main] org.apache.catalina.startup.VersionLoggerListener.log JVM Vendor:            Oracle Corporation
26-Feb-2024 22:20:11.042 INFO [main] org.apache.catalina.startup.VersionLoggerListener.log CATALINA_BASE:         C:\Users\hongr\OneDrive\桌面\Programming Language\Java\JavaWeb\apache-tomcat-10.1.19
26-Feb-2024 22:20:11.042 INFO [main] org.apache.catalina.startup.VersionLoggerListener.log CATALINA_HOME:         C:\Users\hongr\OneDrive\桌面\Programming Language\Java\JavaWeb\apache-tomcat-10.1.19
26-Feb-2024 22:20:11.113 INFO [main] org.apache.catalina.startup.VersionLoggerListener.log Command line argument: -Djava.util.logging.config.file=C:\Users\hongr\OneDrive\桌面\Programming Language\Java\JavaWeb\apache-tomcat-10.1.19\conf\logging.properties
26-Feb-2024 22:20:11.114 INFO [main] org.apache.catalina.startup.VersionLoggerListener.log Command line argument: -Djava.util.logging.manager=org.apache.juli.ClassLoaderLogManager
26-Feb-2024 22:20:11.115 INFO [main] org.apache.catalina.startup.VersionLoggerListener.log Command line argument: -Djdk.tls.ephemeralDHKeySize=2048
26-Feb-2024 22:20:11.115 INFO [main] org.apache.catalina.startup.VersionLoggerListener.log Command line argument: -Djava.protocol.handler.pkgs=org.apache.catalina.webresources
26-Feb-2024 22:20:11.115 INFO [main] org.apache.catalina.startup.VersionLoggerListener.log Command line argument: --add-opens=java.base/java.lang=ALL-UNNAMED
26-Feb-2024 22:20:11.117 INFO [main] org.apache.catalina.startup.VersionLoggerListener.log Command line argument: --add-opens=java.base/java.io=ALL-UNNAMED
26-Feb-2024 22:20:11.118 INFO [main] org.apache.catalina.startup.VersionLoggerListener.log Command line argument: --add-opens=java.base/java.util=ALL-UNNAMED
26-Feb-2024 22:20:11.121 INFO [main] org.apache.catalina.startup.VersionLoggerListener.log Command line argument: --add-opens=java.base/java.util.concurrent=ALL-UNNAMED
26-Feb-2024 22:20:11.122 INFO [main] org.apache.catalina.startup.VersionLoggerListener.log Command line argument: --add-opens=java.rmi/sun.rmi.transport=ALL-UNNAMED
26-Feb-2024 22:20:11.123 INFO [main] org.apache.catalina.startup.VersionLoggerListener.log Command line argument: -Dcatalina.base=C:\Users\hongr\OneDrive\桌面\Programming Language\Java\JavaWeb\apache-tomcat-10.1.19
26-Feb-2024 22:20:11.125 INFO [main] org.apache.catalina.startup.VersionLoggerListener.log Command line argument: -Dcatalina.home=C:\Users\hongr\OneDrive\桌面\Programming Language\Java\JavaWeb\apache-tomcat-10.1.19
26-Feb-2024 22:20:11.126 INFO [main] org.apache.catalina.startup.VersionLoggerListener.log Command line argument: -Djava.io.tmpdir=C:\Users\hongr\OneDrive\桌面\Programming Language\Java\JavaWeb\apache-tomcat-10.1.19\temp
26-Feb-2024 22:20:11.143 INFO [main] org.apache.catalina.core.AprLifecycleListener.lifecycleEvent Loaded Apache Tomcat Native library [2.0.7] using APR version [1.7.4].
26-Feb-2024 22:20:11.161 INFO [main] org.apache.catalina.core.AprLifecycleListener.initializeSSL OpenSSL successfully initialized [OpenSSL 3.0.13 30 Jan 2024]
26-Feb-2024 22:20:11.790 INFO [main] org.apache.coyote.AbstractProtocol.init Initializing ProtocolHandler ["http-nio-8080"]
26-Feb-2024 22:20:11.890 INFO [main] org.apache.catalina.startup.Catalina.load Server initialization in [1345] milliseconds
26-Feb-2024 22:20:11.995 INFO [main] org.apache.catalina.core.StandardService.startInternal Starting service [Catalina]
26-Feb-2024 22:20:11.996 INFO [main] org.apache.catalina.core.StandardEngine.startInternal Starting Servlet engine: [Apache Tomcat/10.1.19]
26-Feb-2024 22:20:12.029 INFO [main] org.apache.catalina.startup.HostConfig.deployDirectory Deploying web application directory [C:\Users\hongr\OneDrive\桌面\Programming Language\Java\JavaWeb\apache-tomcat-10.1.19\webapps\demo]
26-Feb-2024 22:20:13.037 WARNING [main] org.apache.catalina.util.SessionIdGeneratorBase.createSecureRandom Creation of SecureRandom instance for session ID generation using [SHA1PRNG] took [112] milliseconds.
26-Feb-2024 22:20:13.134 INFO [main] org.apache.catalina.startup.HostConfig.deployDirectory Deployment of web application directory [C:\Users\hongr\OneDrive\桌面\Programming Language\Java\JavaWeb\apache-tomcat-10.1.19\webapps\demo] has finished in [1,104] ms
26-Feb-2024 22:20:13.135 INFO [main] org.apache.catalina.startup.HostConfig.deployDirectory Deploying web application directory [C:\Users\hongr\OneDrive\桌面\Programming Language\Java\JavaWeb\apache-tomcat-10.1.19\webapps\docs]
26-Feb-2024 22:20:13.292 INFO [main] org.apache.catalina.startup.HostConfig.deployDirectory Deployment of web application directory [C:\Users\hongr\OneDrive\桌面\Programming Language\Java\JavaWeb\apache-tomcat-10.1.19\webapps\docs] has finished in [157] ms
26-Feb-2024 22:20:13.292 INFO [main] org.apache.catalina.startup.HostConfig.deployDirectory Deploying web application directory [C:\Users\hongr\OneDrive\桌面\Programming Language\Java\JavaWeb\apache-tomcat-10.1.19\webapps\examples]
26-Feb-2024 22:20:14.681 INFO [main] org.apache.catalina.startup.HostConfig.deployDirectory Deployment of web application directory [C:\Users\hongr\OneDrive\桌面\Programming Language\Java\JavaWeb\apache-tomcat-10.1.19\webapps\examples] has finished in [1,388] ms
26-Feb-2024 22:20:14.682 INFO [main] org.apache.catalina.startup.HostConfig.deployDirectory Deploying web application directory [C:\Users\hongr\OneDrive\桌面\Programming Language\Java\JavaWeb\apache-tomcat-10.1.19\webapps\host-manager]
26-Feb-2024 22:20:14.816 INFO [main] org.apache.catalina.startup.HostConfig.deployDirectory Deployment of web application directory [C:\Users\hongr\OneDrive\桌面\Programming Language\Java\JavaWeb\apache-tomcat-10.1.19\webapps\host-manager] has finished in [133] ms
26-Feb-2024 22:20:14.816 INFO [main] org.apache.catalina.startup.HostConfig.deployDirectory Deploying web application directory [C:\Users\hongr\OneDrive\桌面\Programming Language\Java\JavaWeb\apache-tomcat-10.1.19\webapps\manager]
26-Feb-2024 22:20:14.978 INFO [main] org.apache.catalina.startup.HostConfig.deployDirectory Deployment of web application directory [C:\Users\hongr\OneDrive\桌面\Programming Language\Java\JavaWeb\apache-tomcat-10.1.19\webapps\manager] has finished in [162] ms
26-Feb-2024 22:20:14.979 INFO [main] org.apache.catalina.startup.HostConfig.deployDirectory Deploying web application directory [C:\Users\hongr\OneDrive\桌面\Programming Language\Java\JavaWeb\apache-tomcat-10.1.19\webapps\ROOT]
26-Feb-2024 22:20:15.094 INFO [main] org.apache.catalina.startup.HostConfig.deployDirectory Deployment of web application directory [C:\Users\hongr\OneDrive\桌面\Programming Language\Java\JavaWeb\apache-tomcat-10.1.19\webapps\ROOT] has finished in [114] ms
26-Feb-2024 22:20:15.108 INFO [main] org.apache.coyote.AbstractProtocol.start Starting ProtocolHandler ["http-nio-8080"]
26-Feb-2024 22:20:15.328 INFO [main] org.apache.catalina.startup.Catalina.start Server startup in [3436] milliseconds
26-Feb-2024 23:35:24.407 INFO [main] org.apache.catalina.startup.VersionLoggerListener.log Server version name:   Apache Tomcat/10.1.19
26-Feb-2024 23:35:24.411 INFO [main] org.apache.catalina.startup.VersionLoggerListener.log Server built:          Feb 14 2024 19:36:50 UTC
26-Feb-2024 23:35:24.412 INFO [main] org.apache.catalina.startup.VersionLoggerListener.log Server version number: 10.1.19.0
26-Feb-2024 23:35:24.412 INFO [main] org.apache.catalina.startup.VersionLoggerListener.log OS Name:               Windows 11
26-Feb-2024 23:35:24.412 INFO [main] org.apache.catalina.startup.VersionLoggerListener.log OS Version:            10.0
26-Feb-2024 23:35:24.412 INFO [main] org.apache.catalina.startup.VersionLoggerListener.log Architecture:          amd64
26-Feb-2024 23:35:24.412 INFO [main] org.apache.catalina.startup.VersionLoggerListener.log Java Home:             C:\Program Files\Java\jdk-17
26-Feb-2024 23:35:24.412 INFO [main] org.apache.catalina.startup.VersionLoggerListener.log JVM Version:           17.0.10+11-LTS-240
26-Feb-2024 23:35:24.412 INFO [main] org.apache.catalina.startup.VersionLoggerListener.log JVM Vendor:            Oracle Corporation
26-Feb-2024 23:35:24.413 INFO [main] org.apache.catalina.startup.VersionLoggerListener.log CATALINA_BASE:         C:\Users\hongr\OneDrive\桌面\Programming Language\Java\JavaWeb\apache-tomcat-10.1.19
26-Feb-2024 23:35:24.413 INFO [main] org.apache.catalina.startup.VersionLoggerListener.log CATALINA_HOME:         C:\Users\hongr\OneDrive\桌面\Programming Language\Java\JavaWeb\apache-tomcat-10.1.19
26-Feb-2024 23:35:24.444 INFO [main] org.apache.catalina.startup.VersionLoggerListener.log Command line argument: -Djava.util.logging.config.file=C:\Users\hongr\OneDrive\桌面\Programming Language\Java\JavaWeb\apache-tomcat-10.1.19\conf\logging.properties
26-Feb-2024 23:35:24.444 INFO [main] org.apache.catalina.startup.VersionLoggerListener.log Command line argument: -Djava.util.logging.manager=org.apache.juli.ClassLoaderLogManager
26-Feb-2024 23:35:24.444 INFO [main] org.apache.catalina.startup.VersionLoggerListener.log Command line argument: -Djdk.tls.ephemeralDHKeySize=2048
26-Feb-2024 23:35:24.445 INFO [main] org.apache.catalina.startup.VersionLoggerListener.log Command line argument: -Djava.protocol.handler.pkgs=org.apache.catalina.webresources
26-Feb-2024 23:35:24.445 INFO [main] org.apache.catalina.startup.VersionLoggerListener.log Command line argument: --add-opens=java.base/java.lang=ALL-UNNAMED
26-Feb-2024 23:35:24.445 INFO [main] org.apache.catalina.startup.VersionLoggerListener.log Command line argument: --add-opens=java.base/java.io=ALL-UNNAMED
26-Feb-2024 23:35:24.445 INFO [main] org.apache.catalina.startup.VersionLoggerListener.log Command line argument: --add-opens=java.base/java.util=ALL-UNNAMED
26-Feb-2024 23:35:24.445 INFO [main] org.apache.catalina.startup.VersionLoggerListener.log Command line argument: --add-opens=java.base/java.util.concurrent=ALL-UNNAMED
26-Feb-2024 23:35:24.445 INFO [main] org.apache.catalina.startup.VersionLoggerListener.log Command line argument: --add-opens=java.rmi/sun.rmi.transport=ALL-UNNAMED
26-Feb-2024 23:35:24.445 INFO [main] org.apache.catalina.startup.VersionLoggerListener.log Command line argument: -Dcatalina.base=C:\Users\hongr\OneDrive\桌面\Programming Language\Java\JavaWeb\apache-tomcat-10.1.19
26-Feb-2024 23:35:24.446 INFO [main] org.apache.catalina.startup.VersionLoggerListener.log Command line argument: -Dcatalina.home=C:\Users\hongr\OneDrive\桌面\Programming Language\Java\JavaWeb\apache-tomcat-10.1.19
26-Feb-2024 23:35:24.446 INFO [main] org.apache.catalina.startup.VersionLoggerListener.log Command line argument: -Djava.io.tmpdir=C:\Users\hongr\OneDrive\桌面\Programming Language\Java\JavaWeb\apache-tomcat-10.1.19\temp
26-Feb-2024 23:35:24.507 INFO [main] org.apache.catalina.core.AprLifecycleListener.lifecycleEvent Loaded Apache Tomcat Native library [2.0.7] using APR version [1.7.4].
26-Feb-2024 23:35:24.514 INFO [main] org.apache.catalina.core.AprLifecycleListener.initializeSSL OpenSSL successfully initialized [OpenSSL 3.0.13 30 Jan 2024]
26-Feb-2024 23:35:24.747 INFO [main] org.apache.coyote.AbstractProtocol.init Initializing ProtocolHandler ["http-nio-8080"]
26-Feb-2024 23:35:24.777 INFO [main] org.apache.catalina.startup.Catalina.load Server initialization in [551] milliseconds
26-Feb-2024 23:35:24.823 INFO [main] org.apache.catalina.core.StandardService.startInternal Starting service [Catalina]
26-Feb-2024 23:35:24.823 INFO [main] org.apache.catalina.core.StandardEngine.startInternal Starting Servlet engine: [Apache Tomcat/10.1.19]
26-Feb-2024 23:35:24.832 INFO [main] org.apache.catalina.startup.HostConfig.deployDirectory Deploying web application directory [C:\Users\hongr\OneDrive\桌面\Programming Language\Java\JavaWeb\apache-tomcat-10.1.19\webapps\demo]
26-Feb-2024 23:35:25.176 INFO [main] org.apache.catalina.startup.HostConfig.deployDirectory Deployment of web application directory [C:\Users\hongr\OneDrive\桌面\Programming Language\Java\JavaWeb\apache-tomcat-10.1.19\webapps\demo] has finished in [345] ms
26-Feb-2024 23:35:25.177 INFO [main] org.apache.catalina.startup.HostConfig.deployDirectory Deploying web application directory [C:\Users\hongr\OneDrive\桌面\Programming Language\Java\JavaWeb\apache-tomcat-10.1.19\webapps\docs]
26-Feb-2024 23:35:25.222 INFO [main] org.apache.catalina.startup.HostConfig.deployDirectory Deployment of web application directory [C:\Users\hongr\OneDrive\桌面\Programming Language\Java\JavaWeb\apache-tomcat-10.1.19\webapps\docs] has finished in [45] ms
26-Feb-2024 23:35:25.223 INFO [main] org.apache.catalina.startup.HostConfig.deployDirectory Deploying web application directory [C:\Users\hongr\OneDrive\桌面\Programming Language\Java\JavaWeb\apache-tomcat-10.1.19\webapps\examples]
26-Feb-2024 23:35:26.012 INFO [main] org.apache.catalina.startup.HostConfig.deployDirectory Deployment of web application directory [C:\Users\hongr\OneDrive\桌面\Programming Language\Java\JavaWeb\apache-tomcat-10.1.19\webapps\examples] has finished in [788] ms
26-Feb-2024 23:35:26.012 INFO [main] org.apache.catalina.startup.HostConfig.deployDirectory Deploying web application directory [C:\Users\hongr\OneDrive\桌面\Programming Language\Java\JavaWeb\apache-tomcat-10.1.19\webapps\host-manager]
26-Feb-2024 23:35:26.069 INFO [main] org.apache.catalina.startup.HostConfig.deployDirectory Deployment of web application directory [C:\Users\hongr\OneDrive\桌面\Programming Language\Java\JavaWeb\apache-tomcat-10.1.19\webapps\host-manager] has finished in [57] ms
26-Feb-2024 23:35:26.069 INFO [main] org.apache.catalina.startup.HostConfig.deployDirectory Deploying web application directory [C:\Users\hongr\OneDrive\桌面\Programming Language\Java\JavaWeb\apache-tomcat-10.1.19\webapps\manager]
26-Feb-2024 23:35:26.122 INFO [main] org.apache.catalina.startup.HostConfig.deployDirectory Deployment of web application directory [C:\Users\hongr\OneDrive\桌面\Programming Language\Java\JavaWeb\apache-tomcat-10.1.19\webapps\manager] has finished in [53] ms
26-Feb-2024 23:35:26.123 INFO [main] org.apache.catalina.startup.HostConfig.deployDirectory Deploying web application directory [C:\Users\hongr\OneDrive\桌面\Programming Language\Java\JavaWeb\apache-tomcat-10.1.19\webapps\ROOT]
26-Feb-2024 23:35:26.156 INFO [main] org.apache.catalina.startup.HostConfig.deployDirectory Deployment of web application directory [C:\Users\hongr\OneDrive\桌面\Programming Language\Java\JavaWeb\apache-tomcat-10.1.19\webapps\ROOT] has finished in [33] ms
26-Feb-2024 23:35:26.163 INFO [main] org.apache.coyote.AbstractProtocol.start Starting ProtocolHandler ["http-nio-8080"]
26-Feb-2024 23:35:26.235 INFO [main] org.apache.catalina.startup.Catalina.start Server startup in [1457] milliseconds
26-Feb-2024 23:36:09.787 INFO [Thread-1] org.apache.coyote.AbstractProtocol.pause Pausing ProtocolHandler ["http-nio-8080"]
26-Feb-2024 23:36:09.802 INFO [Thread-1] org.apache.catalina.core.StandardService.stopInternal Stopping service [Catalina]
26-Feb-2024 23:36:09.831 INFO [Thread-1] org.apache.coyote.AbstractProtocol.stop Stopping ProtocolHandler ["http-nio-8080"]
26-Feb-2024 23:36:09.848 INFO [Thread-1] org.apache.coyote.AbstractProtocol.destroy Destroying ProtocolHandler ["http-nio-8080"]
26-Feb-2024 23:38:11.431 INFO [main] org.apache.catalina.startup.VersionLoggerListener.log Server version name:   Apache Tomcat/10.1.19
26-Feb-2024 23:38:11.436 INFO [main] org.apache.catalina.startup.VersionLoggerListener.log Server built:          Feb 14 2024 19:36:50 UTC
26-Feb-2024 23:38:11.436 INFO [main] org.apache.catalina.startup.VersionLoggerListener.log Server version number: 10.1.19.0
26-Feb-2024 23:38:11.436 INFO [main] org.apache.catalina.startup.VersionLoggerListener.log OS Name:               Windows 11
26-Feb-2024 23:38:11.436 INFO [main] org.apache.catalina.startup.VersionLoggerListener.log OS Version:            10.0
26-Feb-2024 23:38:11.436 INFO [main] org.apache.catalina.startup.VersionLoggerListener.log Architecture:          amd64
26-Feb-2024 23:38:11.436 INFO [main] org.apache.catalina.startup.VersionLoggerListener.log Java Home:             C:\Program Files\Java\jdk-17
26-Feb-2024 23:38:11.437 INFO [main] org.apache.catalina.startup.VersionLoggerListener.log JVM Version:           17.0.10+11-LTS-240
26-Feb-2024 23:38:11.437 INFO [main] org.apache.catalina.startup.VersionLoggerListener.log JVM Vendor:            Oracle Corporation
26-Feb-2024 23:38:11.437 INFO [main] org.apache.catalina.startup.VersionLoggerListener.log CATALINA_BASE:         C:\Users\hongr\OneDrive\桌面\Programming Language\Java\JavaWeb\apache-tomcat-10.1.19
26-Feb-2024 23:38:11.437 INFO [main] org.apache.catalina.startup.VersionLoggerListener.log CATALINA_HOME:         C:\Users\hongr\OneDrive\桌面\Programming Language\Java\JavaWeb\apache-tomcat-10.1.19
26-Feb-2024 23:38:11.448 INFO [main] org.apache.catalina.startup.VersionLoggerListener.log Command line argument: -Djava.util.logging.config.file=C:\Users\hongr\OneDrive\桌面\Programming Language\Java\JavaWeb\apache-tomcat-10.1.19\conf\logging.properties
26-Feb-2024 23:38:11.448 INFO [main] org.apache.catalina.startup.VersionLoggerListener.log Command line argument: -Djava.util.logging.manager=org.apache.juli.ClassLoaderLogManager
26-Feb-2024 23:38:11.448 INFO [main] org.apache.catalina.startup.VersionLoggerListener.log Command line argument: -Djdk.tls.ephemeralDHKeySize=2048
26-Feb-2024 23:38:11.448 INFO [main] org.apache.catalina.startup.VersionLoggerListener.log Command line argument: -Djava.protocol.handler.pkgs=org.apache.catalina.webresources
26-Feb-2024 23:38:11.448 INFO [main] org.apache.catalina.startup.VersionLoggerListener.log Command line argument: --add-opens=java.base/java.lang=ALL-UNNAMED
26-Feb-2024 23:38:11.449 INFO [main] org.apache.catalina.startup.VersionLoggerListener.log Command line argument: --add-opens=java.base/java.io=ALL-UNNAMED
26-Feb-2024 23:38:11.449 INFO [main] org.apache.catalina.startup.VersionLoggerListener.log Command line argument: --add-opens=java.base/java.util=ALL-UNNAMED
26-Feb-2024 23:38:11.449 INFO [main] org.apache.catalina.startup.VersionLoggerListener.log Command line argument: --add-opens=java.base/java.util.concurrent=ALL-UNNAMED
26-Feb-2024 23:38:11.449 INFO [main] org.apache.catalina.startup.VersionLoggerListener.log Command line argument: --add-opens=java.rmi/sun.rmi.transport=ALL-UNNAMED
26-Feb-2024 23:38:11.449 INFO [main] org.apache.catalina.startup.VersionLoggerListener.log Command line argument: -Dcatalina.base=C:\Users\hongr\OneDrive\桌面\Programming Language\Java\JavaWeb\apache-tomcat-10.1.19
26-Feb-2024 23:38:11.449 INFO [main] org.apache.catalina.startup.VersionLoggerListener.log Command line argument: -Dcatalina.home=C:\Users\hongr\OneDrive\桌面\Programming Language\Java\JavaWeb\apache-tomcat-10.1.19
26-Feb-2024 23:38:11.451 INFO [main] org.apache.catalina.startup.VersionLoggerListener.log Command line argument: -Djava.io.tmpdir=C:\Users\hongr\OneDrive\桌面\Programming Language\Java\JavaWeb\apache-tomcat-10.1.19\temp
26-Feb-2024 23:38:11.459 INFO [main] org.apache.catalina.core.AprLifecycleListener.lifecycleEvent Loaded Apache Tomcat Native library [2.0.7] using APR version [1.7.4].
26-Feb-2024 23:38:11.466 INFO [main] org.apache.catalina.core.AprLifecycleListener.initializeSSL OpenSSL successfully initialized [OpenSSL 3.0.13 30 Jan 2024]
26-Feb-2024 23:38:11.748 INFO [main] org.apache.coyote.AbstractProtocol.init Initializing ProtocolHandler ["http-nio-8080"]
26-Feb-2024 23:38:11.780 INFO [main] org.apache.catalina.startup.Catalina.load Server initialization in [534] milliseconds
26-Feb-2024 23:38:11.828 INFO [main] org.apache.catalina.core.StandardService.startInternal Starting service [Catalina]
26-Feb-2024 23:38:11.829 INFO [main] org.apache.catalina.core.StandardEngine.startInternal Starting Servlet engine: [Apache Tomcat/10.1.19]
26-Feb-2024 23:38:11.840 INFO [main] org.apache.catalina.startup.HostConfig.deployDirectory Deploying web application directory [C:\Users\hongr\OneDrive\桌面\Programming Language\Java\JavaWeb\apache-tomcat-10.1.19\webapps\demo]
26-Feb-2024 23:38:12.180 INFO [main] org.apache.catalina.startup.HostConfig.deployDirectory Deployment of web application directory [C:\Users\hongr\OneDrive\桌面\Programming Language\Java\JavaWeb\apache-tomcat-10.1.19\webapps\demo] has finished in [339] ms
26-Feb-2024 23:38:12.180 INFO [main] org.apache.catalina.startup.HostConfig.deployDirectory Deploying web application directory [C:\Users\hongr\OneDrive\桌面\Programming Language\Java\JavaWeb\apache-tomcat-10.1.19\webapps\docs]
26-Feb-2024 23:38:12.219 INFO [main] org.apache.catalina.startup.HostConfig.deployDirectory Deployment of web application directory [C:\Users\hongr\OneDrive\桌面\Programming Language\Java\JavaWeb\apache-tomcat-10.1.19\webapps\docs] has finished in [39] ms
26-Feb-2024 23:38:12.220 INFO [main] org.apache.catalina.startup.HostConfig.deployDirectory Deploying web application directory [C:\Users\hongr\OneDrive\桌面\Programming Language\Java\JavaWeb\apache-tomcat-10.1.19\webapps\examples]
26-Feb-2024 23:38:12.652 INFO [main] org.apache.catalina.startup.HostConfig.deployDirectory Deployment of web application directory [C:\Users\hongr\OneDrive\桌面\Programming Language\Java\JavaWeb\apache-tomcat-10.1.19\webapps\examples] has finished in [431] ms
26-Feb-2024 23:38:12.652 INFO [main] org.apache.catalina.startup.HostConfig.deployDirectory Deploying web application directory [C:\Users\hongr\OneDrive\桌面\Programming Language\Java\JavaWeb\apache-tomcat-10.1.19\webapps\host-manager]
26-Feb-2024 23:38:12.693 INFO [main] org.apache.catalina.startup.HostConfig.deployDirectory Deployment of web application directory [C:\Users\hongr\OneDrive\桌面\Programming Language\Java\JavaWeb\apache-tomcat-10.1.19\webapps\host-manager] has finished in [41] ms
26-Feb-2024 23:38:12.693 INFO [main] org.apache.catalina.startup.HostConfig.deployDirectory Deploying web application directory [C:\Users\hongr\OneDrive\桌面\Programming Language\Java\JavaWeb\apache-tomcat-10.1.19\webapps\manager]
26-Feb-2024 23:38:12.729 INFO [main] org.apache.catalina.startup.HostConfig.deployDirectory Deployment of web application directory [C:\Users\hongr\OneDrive\桌面\Programming Language\Java\JavaWeb\apache-tomcat-10.1.19\webapps\manager] has finished in [35] ms
26-Feb-2024 23:38:12.729 INFO [main] org.apache.catalina.startup.HostConfig.deployDirectory Deploying web application directory [C:\Users\hongr\OneDrive\桌面\Programming Language\Java\JavaWeb\apache-tomcat-10.1.19\webapps\ROOT]
26-Feb-2024 23:38:12.750 INFO [main] org.apache.catalina.startup.HostConfig.deployDirectory Deployment of web application directory [C:\Users\hongr\OneDrive\桌面\Programming Language\Java\JavaWeb\apache-tomcat-10.1.19\webapps\ROOT] has finished in [21] ms
26-Feb-2024 23:38:12.755 INFO [main] org.apache.coyote.AbstractProtocol.start Starting ProtocolHandler ["http-nio-8080"]
26-Feb-2024 23:38:12.803 INFO [main] org.apache.catalina.startup.Catalina.start Server startup in [1022] milliseconds
26-Feb-2024 23:38:29.957 INFO [Thread-1] org.apache.coyote.AbstractProtocol.pause Pausing ProtocolHandler ["http-nio-8080"]
26-Feb-2024 23:38:29.969 INFO [Thread-1] org.apache.catalina.core.StandardService.stopInternal Stopping service [Catalina]
26-Feb-2024 23:38:29.992 INFO [Thread-1] org.apache.coyote.AbstractProtocol.stop Stopping ProtocolHandler ["http-nio-8080"]
26-Feb-2024 23:38:30.001 INFO [Thread-1] org.apache.coyote.AbstractProtocol.destroy Destroying ProtocolHandler ["http-nio-8080"]
