26-Feb-2024 21:25:11.493 INFO [main] org.apache.catalina.core.ApplicationContext.log ContextListener: contextInitialized()
26-Feb-2024 21:25:11.494 INFO [main] org.apache.catalina.core.ApplicationContext.log SessionListener: contextInitialized()
26-Feb-2024 21:25:11.500 INFO [main] org.apache.catalina.core.ApplicationContext.log ContextListener: attributeAdded('StockTicker', 'async.Stockticker@4ebea12c')
26-Feb-2024 21:26:30.145 INFO [main] org.apache.catalina.core.ApplicationContext.log SessionListener: contextDestroyed()
26-Feb-2024 21:26:30.145 INFO [main] org.apache.catalina.core.ApplicationContext.log ContextListener: contextDestroyed()
26-Feb-2024 21:26:52.839 INFO [main] org.apache.catalina.core.ApplicationContext.log ContextListener: contextInitialized()
26-Feb-2024 21:26:52.839 INFO [main] org.apache.catalina.core.ApplicationContext.log SessionListener: contextInitialized()
26-Feb-2024 21:26:52.847 INFO [main] org.apache.catalina.core.ApplicationContext.log ContextListener: attributeAdded('StockTicker', 'async.Stockticker@30ea8c23')
26-Feb-2024 21:27:00.653 INFO [Thread-1] org.apache.catalina.core.ApplicationContext.log SessionListener: contextDestroyed()
26-Feb-2024 21:27:00.653 INFO [Thread-1] org.apache.catalina.core.ApplicationContext.log ContextListener: contextDestroyed()
26-Feb-2024 21:28:45.693 INFO [main] org.apache.catalina.core.ApplicationContext.log ContextListener: contextInitialized()
26-Feb-2024 21:28:45.693 INFO [main] org.apache.catalina.core.ApplicationContext.log SessionListener: contextInitialized()
26-Feb-2024 21:28:45.702 INFO [main] org.apache.catalina.core.ApplicationContext.log ContextListener: attributeAdded('StockTicker', 'async.Stockticker@25ddbbbb')
26-Feb-2024 21:29:31.919 INFO [main] org.apache.catalina.core.ApplicationContext.log SessionListener: contextDestroyed()
26-Feb-2024 21:29:31.920 INFO [main] org.apache.catalina.core.ApplicationContext.log ContextListener: contextDestroyed()
26-Feb-2024 21:35:01.199 INFO [main] org.apache.catalina.core.ApplicationContext.log ContextListener: contextInitialized()
26-Feb-2024 21:35:01.204 INFO [main] org.apache.catalina.core.ApplicationContext.log SessionListener: contextInitialized()
26-Feb-2024 21:35:01.213 INFO [main] org.apache.catalina.core.ApplicationContext.log ContextListener: attributeAdded('StockTicker', 'async.Stockticker@42b64ab8')
26-Feb-2024 21:35:11.686 INFO [Thread-1] org.apache.catalina.core.ApplicationContext.log SessionListener: contextDestroyed()
26-Feb-2024 21:35:11.686 INFO [Thread-1] org.apache.catalina.core.ApplicationContext.log ContextListener: contextDestroyed()
26-Feb-2024 21:35:34.898 INFO [main] org.apache.catalina.core.ApplicationContext.log ContextListener: contextInitialized()
26-Feb-2024 21:35:34.899 INFO [main] org.apache.catalina.core.ApplicationContext.log SessionListener: contextInitialized()
26-Feb-2024 21:35:34.904 INFO [main] org.apache.catalina.core.ApplicationContext.log ContextListener: attributeAdded('StockTicker', 'async.Stockticker@6175619b')
26-Feb-2024 21:35:39.608 INFO [Thread-1] org.apache.catalina.core.ApplicationContext.log SessionListener: contextDestroyed()
26-Feb-2024 21:35:39.608 INFO [Thread-1] org.apache.catalina.core.ApplicationContext.log ContextListener: contextDestroyed()
26-Feb-2024 21:41:50.005 INFO [main] org.apache.catalina.core.ApplicationContext.log ContextListener: contextInitialized()
26-Feb-2024 21:41:50.005 INFO [main] org.apache.catalina.core.ApplicationContext.log SessionListener: contextInitialized()
26-Feb-2024 21:41:50.010 INFO [main] org.apache.catalina.core.ApplicationContext.log ContextListener: attributeAdded('StockTicker', 'async.Stockticker@751d3241')
26-Feb-2024 21:41:56.449 INFO [Thread-1] org.apache.catalina.core.ApplicationContext.log SessionListener: contextDestroyed()
26-Feb-2024 21:41:56.449 INFO [Thread-1] org.apache.catalina.core.ApplicationContext.log ContextListener: contextDestroyed()
26-Feb-2024 22:08:41.720 INFO [main] org.apache.catalina.core.ApplicationContext.log ContextListener: contextInitialized()
26-Feb-2024 22:08:41.720 INFO [main] org.apache.catalina.core.ApplicationContext.log SessionListener: contextInitialized()
26-Feb-2024 22:08:41.725 INFO [main] org.apache.catalina.core.ApplicationContext.log ContextListener: attributeAdded('StockTicker', 'async.Stockticker@5f3b9c57')
26-Feb-2024 22:20:14.635 INFO [main] org.apache.catalina.core.ApplicationContext.log ContextListener: contextInitialized()
26-Feb-2024 22:20:14.636 INFO [main] org.apache.catalina.core.ApplicationContext.log SessionListener: contextInitialized()
26-Feb-2024 22:20:14.644 INFO [main] org.apache.catalina.core.ApplicationContext.log ContextListener: attributeAdded('StockTicker', 'async.Stockticker@4fad94a7')
26-Feb-2024 23:35:25.991 INFO [main] org.apache.catalina.core.ApplicationContext.log ContextListener: contextInitialized()
26-Feb-2024 23:35:25.991 INFO [main] org.apache.catalina.core.ApplicationContext.log SessionListener: contextInitialized()
26-Feb-2024 23:35:25.995 INFO [main] org.apache.catalina.core.ApplicationContext.log ContextListener: attributeAdded('StockTicker', 'async.Stockticker@716a7124')
26-Feb-2024 23:36:09.821 INFO [Thread-1] org.apache.catalina.core.ApplicationContext.log SessionListener: contextDestroyed()
26-Feb-2024 23:36:09.821 INFO [Thread-1] org.apache.catalina.core.ApplicationContext.log ContextListener: contextDestroyed()
26-Feb-2024 23:38:12.637 INFO [main] org.apache.catalina.core.ApplicationContext.log ContextListener: contextInitialized()
26-Feb-2024 23:38:12.638 INFO [main] org.apache.catalina.core.ApplicationContext.log SessionListener: contextInitialized()
26-Feb-2024 23:38:12.640 INFO [main] org.apache.catalina.core.ApplicationContext.log ContextListener: attributeAdded('StockTicker', 'async.Stockticker@18a3962d')
26-Feb-2024 23:38:29.979 INFO [Thread-1] org.apache.catalina.core.ApplicationContext.log SessionListener: contextDestroyed()
26-Feb-2024 23:38:29.980 INFO [Thread-1] org.apache.catalina.core.ApplicationContext.log ContextListener: contextDestroyed()
